{"D:\\NEU\\Game Engine\\Final Project\\src\\UI\\HUD.ts": {"path":"D:\\NEU\\Game Engine\\Final Project\\src\\UI\\HUD.ts","statementMap":{"0":{"start":{"line":13,"column":4},"end":{"line":13,"column":null}},"1":{"start":{"line":14,"column":4},"end":{"line":14,"column":null}},"2":{"start":{"line":15,"column":4},"end":{"line":15,"column":null}},"3":{"start":{"line":17,"column":4},"end":{"line":17,"column":null}},"4":{"start":{"line":18,"column":4},"end":{"line":20,"column":5}},"5":{"start":{"line":19,"column":6},"end":{"line":19,"column":null}},"6":{"start":{"line":24,"column":17},"end":{"line":24,"column":39}},"7":{"start":{"line":25,"column":19},"end":{"line":25,"column":43}},"8":{"start":{"line":27,"column":4},"end":{"line":32,"column":null}},"9":{"start":{"line":34,"column":4},"end":{"line":44,"column":null}},"10":{"start":{"line":35,"column":21},"end":{"line":35,"column":45}},"11":{"start":{"line":36,"column":6},"end":{"line":36,"column":null}},"12":{"start":{"line":38,"column":6},"end":{"line":43,"column":7}},"13":{"start":{"line":39,"column":8},"end":{"line":39,"column":null}},"14":{"start":{"line":40,"column":13},"end":{"line":43,"column":7}},"15":{"start":{"line":41,"column":8},"end":{"line":41,"column":null}},"16":{"start":{"line":42,"column":8},"end":{"line":42,"column":null}},"17":{"start":{"line":48,"column":4},"end":{"line":48,"column":34}},"18":{"start":{"line":48,"column":27},"end":{"line":48,"column":34}},"19":{"start":{"line":50,"column":4},"end":{"line":72,"column":7}},"20":{"start":{"line":58,"column":6},"end":{"line":61,"column":7}},"21":{"start":{"line":59,"column":8},"end":{"line":59,"column":38}},"22":{"start":{"line":60,"column":8},"end":{"line":60,"column":32}},"23":{"start":{"line":64,"column":6},"end":{"line":66,"column":7}},"24":{"start":{"line":65,"column":8},"end":{"line":65,"column":38}},"25":{"start":{"line":69,"column":6},"end":{"line":71,"column":7}},"26":{"start":{"line":70,"column":8},"end":{"line":70,"column":36}},"27":{"start":{"line":74,"column":4},"end":{"line":74,"column":28}},"28":{"start":{"line":78,"column":4},"end":{"line":78,"column":54}},"29":{"start":{"line":78,"column":47},"end":{"line":78,"column":54}},"30":{"start":{"line":80,"column":4},"end":{"line":86,"column":5}},"31":{"start":{"line":81,"column":6},"end":{"line":81,"column":36}},"32":{"start":{"line":82,"column":6},"end":{"line":82,"column":42}},"33":{"start":{"line":84,"column":6},"end":{"line":84,"column":36}},"34":{"start":{"line":85,"column":6},"end":{"line":85,"column":42}},"35":{"start":{"line":5,"column":0},"end":{"line":5,"column":13}}},"fnMap":{"0":{"name":"(anonymous_0)","decl":{"start":{"line":12,"column":2},"end":{"line":12,"column":14}},"loc":{"start":{"line":12,"column":90},"end":{"line":21,"column":3}}},"1":{"name":"(anonymous_1)","decl":{"start":{"line":23,"column":10},"end":{"line":23,"column":27}},"loc":{"start":{"line":23,"column":27},"end":{"line":45,"column":3}}},"2":{"name":"(anonymous_2)","decl":{"start":{"line":34,"column":33},"end":{"line":34,"column":34}},"loc":{"start":{"line":34,"column":53},"end":{"line":44,"column":5}}},"3":{"name":"(anonymous_3)","decl":{"start":{"line":47,"column":10},"end":{"line":47,"column":29}},"loc":{"start":{"line":47,"column":29},"end":{"line":75,"column":3}}},"4":{"name":"(anonymous_4)","decl":{"start":{"line":57,"column":23},"end":{"line":57,"column":26}},"loc":{"start":{"line":57,"column":28},"end":{"line":62,"column":5}}},"5":{"name":"(anonymous_5)","decl":{"start":{"line":63,"column":23},"end":{"line":63,"column":26}},"loc":{"start":{"line":63,"column":28},"end":{"line":67,"column":5}}},"6":{"name":"(anonymous_6)","decl":{"start":{"line":68,"column":22},"end":{"line":68,"column":25}},"loc":{"start":{"line":68,"column":27},"end":{"line":72,"column":5}}},"7":{"name":"(anonymous_7)","decl":{"start":{"line":77,"column":10},"end":{"line":77,"column":26}},"loc":{"start":{"line":77,"column":26},"end":{"line":87,"column":3}}}},"branchMap":{"0":{"loc":{"start":{"line":18,"column":4},"end":{"line":20,"column":5}},"type":"if","locations":[{"start":{"line":18,"column":4},"end":{"line":20,"column":5}},{"start":{},"end":{}}]},"1":{"loc":{"start":{"line":38,"column":6},"end":{"line":43,"column":7}},"type":"if","locations":[{"start":{"line":38,"column":6},"end":{"line":43,"column":7}},{"start":{"line":40,"column":13},"end":{"line":43,"column":7}}]},"2":{"loc":{"start":{"line":40,"column":13},"end":{"line":43,"column":7}},"type":"if","locations":[{"start":{"line":40,"column":13},"end":{"line":43,"column":7}},{"start":{},"end":{}}]},"3":{"loc":{"start":{"line":48,"column":4},"end":{"line":48,"column":34}},"type":"if","locations":[{"start":{"line":48,"column":4},"end":{"line":48,"column":34}},{"start":{},"end":{}}]},"4":{"loc":{"start":{"line":58,"column":6},"end":{"line":61,"column":7}},"type":"if","locations":[{"start":{"line":58,"column":6},"end":{"line":61,"column":7}},{"start":{},"end":{}}]},"5":{"loc":{"start":{"line":64,"column":6},"end":{"line":66,"column":7}},"type":"if","locations":[{"start":{"line":64,"column":6},"end":{"line":66,"column":7}},{"start":{},"end":{}}]},"6":{"loc":{"start":{"line":69,"column":6},"end":{"line":71,"column":7}},"type":"if","locations":[{"start":{"line":69,"column":6},"end":{"line":71,"column":7}},{"start":{},"end":{}}]},"7":{"loc":{"start":{"line":78,"column":4},"end":{"line":78,"column":54}},"type":"if","locations":[{"start":{"line":78,"column":4},"end":{"line":78,"column":54}},{"start":{},"end":{}}]},"8":{"loc":{"start":{"line":78,"column":8},"end":{"line":78,"column":45}},"type":"binary-expr","locations":[{"start":{"line":78,"column":8},"end":{"line":78,"column":24}},{"start":{"line":78,"column":28},"end":{"line":78,"column":45}}]},"9":{"loc":{"start":{"line":80,"column":4},"end":{"line":86,"column":5}},"type":"if","locations":[{"start":{"line":80,"column":4},"end":{"line":86,"column":5}},{"start":{"line":83,"column":11},"end":{"line":86,"column":5}}]}},"s":{"0":143,"1":143,"2":143,"3":143,"4":139,"5":118,"6":143,"7":141,"8":141,"9":139,"10":104,"11":104,"12":104,"13":51,"14":53,"15":11,"16":11,"17":118,"18":0,"19":118,"20":52,"21":52,"22":52,"23":1,"24":1,"25":1,"26":1,"27":118,"28":170,"29":0,"30":170,"31":28,"32":28,"33":141,"34":141,"35":2},"f":{"0":143,"1":143,"2":104,"3":118,"4":52,"5":1,"6":1,"7":170},"b":{"0":[118,21],"1":[51,53],"2":[11,42],"3":[0,118],"4":[52,0],"5":[1,0],"6":[1,0],"7":[0,170],"8":[170,170],"9":[28,141]}}
,"D:\\NEU\\Game Engine\\Final Project\\src\\ecs\\ComponentManager.ts": {"path":"D:\\NEU\\Game Engine\\Final Project\\src\\ecs\\ComponentManager.ts","statementMap":{"0":{"start":{"line":3,"column":12},"end":{"line":3,"column":66}},"1":{"start":{"line":8,"column":8},"end":{"line":10,"column":9}},"2":{"start":{"line":9,"column":12},"end":{"line":9,"column":63}},"3":{"start":{"line":11,"column":8},"end":{"line":11,"column":41}},"4":{"start":{"line":15,"column":8},"end":{"line":17,"column":9}},"5":{"start":{"line":16,"column":12},"end":{"line":16,"column":58}},"6":{"start":{"line":18,"column":8},"end":{"line":18,"column":73}},"7":{"start":{"line":22,"column":29},"end":{"line":22,"column":63}},"8":{"start":{"line":23,"column":8},"end":{"line":25,"column":9}},"9":{"start":{"line":24,"column":12},"end":{"line":24,"column":49}},"10":{"start":{"line":26,"column":8},"end":{"line":26,"column":21}},"11":{"start":{"line":30,"column":29},"end":{"line":30,"column":63}},"12":{"start":{"line":31,"column":8},"end":{"line":31,"column":69}},"13":{"start":{"line":35,"column":29},"end":{"line":35,"column":63}},"14":{"start":{"line":36,"column":8},"end":{"line":36,"column":65}},"15":{"start":{"line":40,"column":29},"end":{"line":40,"column":63}},"16":{"start":{"line":41,"column":8},"end":{"line":41,"column":67}},"17":{"start":{"line":45,"column":8},"end":{"line":47,"column":9}},"18":{"start":{"line":46,"column":12},"end":{"line":46,"column":42}},"19":{"start":{"line":1,"column":0},"end":{"line":1,"column":13}}},"fnMap":{"0":{"name":"(anonymous_0)","decl":{"start":{"line":5,"column":4},"end":{"line":5,"column":27}},"loc":{"start":{"line":5,"column":4},"end":{"line":5,"column":28}}},"1":{"name":"(anonymous_1)","decl":{"start":{"line":7,"column":11},"end":{"line":7,"column":17}},"loc":{"start":{"line":7,"column":29},"end":{"line":12,"column":5}}},"2":{"name":"(anonymous_2)","decl":{"start":{"line":14,"column":11},"end":{"line":14,"column":23}},"loc":{"start":{"line":14,"column":83},"end":{"line":19,"column":5}}},"3":{"name":"(anonymous_3)","decl":{"start":{"line":21,"column":11},"end":{"line":21,"column":26}},"loc":{"start":{"line":21,"column":66},"end":{"line":27,"column":5}}},"4":{"name":"(anonymous_4)","decl":{"start":{"line":29,"column":11},"end":{"line":29,"column":23}},"loc":{"start":{"line":29,"column":63},"end":{"line":32,"column":5}}},"5":{"name":"(anonymous_5)","decl":{"start":{"line":34,"column":11},"end":{"line":34,"column":23}},"loc":{"start":{"line":34,"column":63},"end":{"line":37,"column":5}}},"6":{"name":"(anonymous_6)","decl":{"start":{"line":39,"column":11},"end":{"line":39,"column":35}},"loc":{"start":{"line":39,"column":57},"end":{"line":42,"column":5}}},"7":{"name":"(anonymous_7)","decl":{"start":{"line":44,"column":11},"end":{"line":44,"column":30}},"loc":{"start":{"line":44,"column":47},"end":{"line":48,"column":5}}}},"branchMap":{"0":{"loc":{"start":{"line":8,"column":8},"end":{"line":10,"column":9}},"type":"if","locations":[{"start":{"line":8,"column":8},"end":{"line":10,"column":9}},{"start":{},"end":{}}]},"1":{"loc":{"start":{"line":15,"column":8},"end":{"line":17,"column":9}},"type":"if","locations":[{"start":{"line":15,"column":8},"end":{"line":17,"column":9}},{"start":{},"end":{}}]},"2":{"loc":{"start":{"line":23,"column":8},"end":{"line":25,"column":9}},"type":"if","locations":[{"start":{"line":23,"column":8},"end":{"line":25,"column":9}},{"start":{},"end":{}}]},"3":{"loc":{"start":{"line":31,"column":15},"end":{"line":31,"column":68}},"type":"cond-expr","locations":[{"start":{"line":31,"column":30},"end":{"line":31,"column":56}},{"start":{"line":31,"column":59},"end":{"line":31,"column":68}}]},"4":{"loc":{"start":{"line":36,"column":15},"end":{"line":36,"column":64}},"type":"cond-expr","locations":[{"start":{"line":36,"column":30},"end":{"line":36,"column":56}},{"start":{"line":36,"column":59},"end":{"line":36,"column":64}}]},"5":{"loc":{"start":{"line":41,"column":15},"end":{"line":41,"column":66}},"type":"cond-expr","locations":[{"start":{"line":41,"column":30},"end":{"line":41,"column":61}},{"start":{"line":41,"column":64},"end":{"line":41,"column":66}}]}},"s":{"0":32,"1":36,"2":32,"3":36,"4":1139,"5":34,"6":1139,"7":107,"8":107,"9":106,"10":1,"11":26,"12":26,"13":206,"14":206,"15":8,"16":8,"17":3,"18":4,"19":3},"f":{"0":32,"1":36,"2":1139,"3":107,"4":26,"5":206,"6":8,"7":3},"b":{"0":[32,4],"1":[34,1105],"2":[106,1],"3":[25,1],"4":[205,1],"5":[6,2]}}
,"D:\\NEU\\Game Engine\\Final Project\\src\\ecs\\DataManager.ts": {"path":"D:\\NEU\\Game Engine\\Final Project\\src\\ecs\\DataManager.ts","statementMap":{"0":{"start":{"line":5,"column":12},"end":{"line":5,"column":43}},"1":{"start":{"line":6,"column":12},"end":{"line":6,"column":35}},"2":{"start":{"line":9,"column":8},"end":{"line":9,"column":24}},"3":{"start":{"line":13,"column":8},"end":{"line":15,"column":9}},"4":{"start":{"line":14,"column":12},"end":{"line":14,"column":53}},"5":{"start":{"line":16,"column":8},"end":{"line":16,"column":36}},"6":{"start":{"line":20,"column":8},"end":{"line":39,"column":10}},"7":{"start":{"line":41,"column":8},"end":{"line":64,"column":10}},"8":{"start":{"line":68,"column":8},"end":{"line":68,"column":37}},"9":{"start":{"line":72,"column":8},"end":{"line":72,"column":33}},"10":{"start":{"line":76,"column":8},"end":{"line":76,"column":73}},"11":{"start":{"line":76,"column":51},"end":{"line":76,"column":71}},"12":{"start":{"line":80,"column":8},"end":{"line":80,"column":65}},"13":{"start":{"line":80,"column":43},"end":{"line":80,"column":63}},"14":{"start":{"line":3,"column":0},"end":{"line":3,"column":13}}},"fnMap":{"0":{"name":"(anonymous_0)","decl":{"start":{"line":8,"column":4},"end":{"line":8,"column":null}},"loc":{"start":{"line":8,"column":4},"end":{"line":10,"column":5}}},"1":{"name":"(anonymous_1)","decl":{"start":{"line":12,"column":11},"end":{"line":12,"column":17}},"loc":{"start":{"line":12,"column":29},"end":{"line":17,"column":5}}},"2":{"name":"(anonymous_2)","decl":{"start":{"line":19,"column":12},"end":{"line":19,"column":20}},"loc":{"start":{"line":19,"column":20},"end":{"line":65,"column":5}}},"3":{"name":"(anonymous_3)","decl":{"start":{"line":67,"column":11},"end":{"line":67,"column":25}},"loc":{"start":{"line":67,"column":25},"end":{"line":69,"column":5}}},"4":{"name":"(anonymous_4)","decl":{"start":{"line":71,"column":11},"end":{"line":71,"column":21}},"loc":{"start":{"line":71,"column":21},"end":{"line":73,"column":5}}},"5":{"name":"(anonymous_5)","decl":{"start":{"line":75,"column":11},"end":{"line":75,"column":28}},"loc":{"start":{"line":75,"column":39},"end":{"line":77,"column":5}}},"6":{"name":"(anonymous_6)","decl":{"start":{"line":76,"column":37},"end":{"line":76,"column":47}},"loc":{"start":{"line":76,"column":51},"end":{"line":76,"column":71}}},"7":{"name":"(anonymous_7)","decl":{"start":{"line":79,"column":11},"end":{"line":79,"column":26}},"loc":{"start":{"line":79,"column":39},"end":{"line":81,"column":5}}},"8":{"name":"(anonymous_8)","decl":{"start":{"line":80,"column":33},"end":{"line":80,"column":39}},"loc":{"start":{"line":80,"column":43},"end":{"line":80,"column":63}}}},"branchMap":{"0":{"loc":{"start":{"line":13,"column":8},"end":{"line":15,"column":9}},"type":"if","locations":[{"start":{"line":13,"column":8},"end":{"line":15,"column":9}},{"start":{},"end":{}}]}},"s":{"0":2,"1":2,"2":2,"3":23,"4":2,"5":23,"6":2,"7":2,"8":9,"9":6,"10":13,"11":31,"12":6,"13":16,"14":4},"f":{"0":2,"1":23,"2":2,"3":9,"4":6,"5":13,"6":31,"7":6,"8":16},"b":{"0":[2,21]}}
,"D:\\NEU\\Game Engine\\Final Project\\src\\ecs\\EntityManager.ts": {"path":"D:\\NEU\\Game Engine\\Final Project\\src\\ecs\\EntityManager.ts","statementMap":{"0":{"start":{"line":8,"column":12},"end":{"line":8,"column":54}},"1":{"start":{"line":9,"column":12},"end":{"line":9,"column":37}},"2":{"start":{"line":14,"column":8},"end":{"line":16,"column":9}},"3":{"start":{"line":15,"column":12},"end":{"line":15,"column":57}},"4":{"start":{"line":17,"column":8},"end":{"line":17,"column":38}},"5":{"start":{"line":21,"column":25},"end":{"line":21,"column":56}},"6":{"start":{"line":22,"column":31},"end":{"line":25,"column":10}},"7":{"start":{"line":26,"column":8},"end":{"line":26,"column":44}},"8":{"start":{"line":27,"column":8},"end":{"line":27,"column":24}},"9":{"start":{"line":31,"column":8},"end":{"line":31,"column":45}},"10":{"start":{"line":35,"column":8},"end":{"line":35,"column":46}},"11":{"start":{"line":39,"column":8},"end":{"line":39,"column":43}},"12":{"start":{"line":43,"column":8},"end":{"line":43,"column":38}},"13":{"start":{"line":47,"column":8},"end":{"line":47,"column":43}},"14":{"start":{"line":50,"column":33},"end":{"line":50,"column":35}},"15":{"start":{"line":52,"column":8},"end":{"line":56,"column":9}},"16":{"start":{"line":53,"column":12},"end":{"line":55,"column":13}},"17":{"start":{"line":54,"column":16},"end":{"line":54,"column":38}},"18":{"start":{"line":58,"column":8},"end":{"line":58,"column":22}},"19":{"start":{"line":62,"column":23},"end":{"line":62,"column":47}},"20":{"start":{"line":63,"column":8},"end":{"line":65,"column":9}},"21":{"start":{"line":64,"column":12},"end":{"line":64,"column":61}},"22":{"start":{"line":66,"column":8},"end":{"line":66,"column":25}},"23":{"start":{"line":6,"column":0},"end":{"line":6,"column":13}}},"fnMap":{"0":{"name":"(anonymous_0)","decl":{"start":{"line":11,"column":4},"end":{"line":11,"column":27}},"loc":{"start":{"line":11,"column":4},"end":{"line":11,"column":28}}},"1":{"name":"(anonymous_1)","decl":{"start":{"line":13,"column":11},"end":{"line":13,"column":17}},"loc":{"start":{"line":13,"column":29},"end":{"line":18,"column":5}}},"2":{"name":"(anonymous_2)","decl":{"start":{"line":20,"column":11},"end":{"line":20,"column":23}},"loc":{"start":{"line":20,"column":23},"end":{"line":28,"column":5}}},"3":{"name":"(anonymous_3)","decl":{"start":{"line":30,"column":11},"end":{"line":30,"column":20}},"loc":{"start":{"line":30,"column":35},"end":{"line":32,"column":5}}},"4":{"name":"(anonymous_4)","decl":{"start":{"line":34,"column":11},"end":{"line":34,"column":23}},"loc":{"start":{"line":34,"column":40},"end":{"line":36,"column":5}}},"5":{"name":"(anonymous_5)","decl":{"start":{"line":38,"column":11},"end":{"line":38,"column":20}},"loc":{"start":{"line":38,"column":37},"end":{"line":40,"column":5}}},"6":{"name":"(anonymous_6)","decl":{"start":{"line":42,"column":11},"end":{"line":42,"column":25}},"loc":{"start":{"line":42,"column":25},"end":{"line":44,"column":5}}},"7":{"name":"(anonymous_7)","decl":{"start":{"line":46,"column":11},"end":{"line":46,"column":20}},"loc":{"start":{"line":46,"column":37},"end":{"line":48,"column":5}}},"8":{"name":"(anonymous_8)","decl":{"start":{"line":49,"column":11},"end":{"line":49,"column":35}},"loc":{"start":{"line":49,"column":57},"end":{"line":59,"column":5}}},"9":{"name":"(anonymous_9)","decl":{"start":{"line":61,"column":11},"end":{"line":61,"column":23}},"loc":{"start":{"line":61,"column":66},"end":{"line":67,"column":5}}}},"branchMap":{"0":{"loc":{"start":{"line":14,"column":8},"end":{"line":16,"column":9}},"type":"if","locations":[{"start":{"line":14,"column":8},"end":{"line":16,"column":9}},{"start":{},"end":{}}]},"1":{"loc":{"start":{"line":53,"column":12},"end":{"line":55,"column":13}},"type":"if","locations":[{"start":{"line":53,"column":12},"end":{"line":55,"column":13}},{"start":{},"end":{}}]},"2":{"loc":{"start":{"line":63,"column":8},"end":{"line":65,"column":9}},"type":"if","locations":[{"start":{"line":63,"column":8},"end":{"line":65,"column":9}},{"start":{},"end":{}}]},"3":{"loc":{"start":{"line":63,"column":12},"end":{"line":63,"column":58}},"type":"binary-expr","locations":[{"start":{"line":63,"column":12},"end":{"line":63,"column":18}},{"start":{"line":63,"column":22},"end":{"line":63,"column":58}}]}},"s":{"0":39,"1":39,"2":45,"3":39,"4":45,"5":1135,"6":1135,"7":1135,"8":1135,"9":17,"10":106,"11":20,"12":6,"13":208,"14":8,"15":8,"16":13,"17":5,"18":8,"19":11,"20":11,"21":9,"22":2,"23":4},"f":{"0":39,"1":45,"2":1135,"3":17,"4":106,"5":20,"6":6,"7":208,"8":8,"9":11},"b":{"0":[39,6],"1":[5,8],"2":[9,2],"3":[11,10]}}
,"D:\\NEU\\Game Engine\\Final Project\\src\\ecs\\GameManager.ts": {"path":"D:\\NEU\\Game Engine\\Final Project\\src\\ecs\\GameManager.ts","statementMap":{"0":{"start":{"line":1,"column":0},"end":{"line":1,"column":44}},"1":{"start":{"line":2,"column":0},"end":{"line":2,"column":48}},"2":{"start":{"line":3,"column":0},"end":{"line":3,"column":54}},"3":{"start":{"line":4,"column":0},"end":{"line":4,"column":48}},"4":{"start":{"line":14,"column":8},"end":{"line":14,"column":53}},"5":{"start":{"line":15,"column":8},"end":{"line":15,"column":57}},"6":{"start":{"line":16,"column":8},"end":{"line":16,"column":63}},"7":{"start":{"line":17,"column":8},"end":{"line":17,"column":57}},"8":{"start":{"line":21,"column":8},"end":{"line":23,"column":9}},"9":{"start":{"line":22,"column":12},"end":{"line":22,"column":53}},"10":{"start":{"line":24,"column":8},"end":{"line":24,"column":36}},"11":{"start":{"line":28,"column":8},"end":{"line":28,"column":48}},"12":{"start":{"line":6,"column":0},"end":{"line":6,"column":13}}},"fnMap":{"0":{"name":"(anonymous_0)","decl":{"start":{"line":13,"column":4},"end":{"line":13,"column":null}},"loc":{"start":{"line":13,"column":4},"end":{"line":18,"column":5}}},"1":{"name":"(anonymous_1)","decl":{"start":{"line":20,"column":11},"end":{"line":20,"column":17}},"loc":{"start":{"line":20,"column":29},"end":{"line":25,"column":5}}},"2":{"name":"(anonymous_2)","decl":{"start":{"line":27,"column":11},"end":{"line":27,"column":17}},"loc":{"start":{"line":27,"column":35},"end":{"line":29,"column":5}}}},"branchMap":{"0":{"loc":{"start":{"line":21,"column":8},"end":{"line":23,"column":9}},"type":"if","locations":[{"start":{"line":21,"column":8},"end":{"line":23,"column":9}},{"start":{},"end":{}}]}},"s":{"0":2,"1":2,"2":2,"3":2,"4":34,"5":33,"6":33,"7":33,"8":1142,"9":34,"10":1141,"11":1116,"12":2},"f":{"0":34,"1":1142,"2":1116},"b":{"0":[34,1108]}}
,"D:\\NEU\\Game Engine\\Final Project\\src\\ecs\\SystemManager.ts": {"path":"D:\\NEU\\Game Engine\\Final Project\\src\\ecs\\SystemManager.ts","statementMap":{"0":{"start":{"line":1,"column":0},"end":{"line":1,"column":22}},"1":{"start":{"line":7,"column":12},"end":{"line":7,"column":53}},"2":{"start":{"line":12,"column":8},"end":{"line":14,"column":9}},"3":{"start":{"line":13,"column":12},"end":{"line":13,"column":57}},"4":{"start":{"line":15,"column":8},"end":{"line":15,"column":38}},"5":{"start":{"line":19,"column":8},"end":{"line":19,"column":39}},"6":{"start":{"line":23,"column":8},"end":{"line":23,"column":41}},"7":{"start":{"line":27,"column":8},"end":{"line":27,"column":38}},"8":{"start":{"line":31,"column":8},"end":{"line":33,"column":9}},"9":{"start":{"line":32,"column":12},"end":{"line":32,"column":37}},"10":{"start":{"line":37,"column":8},"end":{"line":37,"column":37}},"11":{"start":{"line":5,"column":0},"end":{"line":5,"column":13}}},"fnMap":{"0":{"name":"(anonymous_0)","decl":{"start":{"line":9,"column":4},"end":{"line":9,"column":27}},"loc":{"start":{"line":9,"column":4},"end":{"line":9,"column":28}}},"1":{"name":"(anonymous_1)","decl":{"start":{"line":11,"column":11},"end":{"line":11,"column":17}},"loc":{"start":{"line":11,"column":29},"end":{"line":16,"column":5}}},"2":{"name":"(anonymous_2)","decl":{"start":{"line":18,"column":11},"end":{"line":18,"column":20}},"loc":{"start":{"line":18,"column":49},"end":{"line":20,"column":5}}},"3":{"name":"(anonymous_3)","decl":{"start":{"line":22,"column":11},"end":{"line":22,"column":23}},"loc":{"start":{"line":22,"column":36},"end":{"line":24,"column":5}}},"4":{"name":"(anonymous_4)","decl":{"start":{"line":26,"column":11},"end":{"line":26,"column":20}},"loc":{"start":{"line":26,"column":33},"end":{"line":28,"column":5}}},"5":{"name":"(anonymous_5)","decl":{"start":{"line":30,"column":11},"end":{"line":30,"column":20}},"loc":{"start":{"line":30,"column":38},"end":{"line":34,"column":5}}},"6":{"name":"(anonymous_6)","decl":{"start":{"line":36,"column":11},"end":{"line":36,"column":24}},"loc":{"start":{"line":36,"column":24},"end":{"line":38,"column":5}}}},"branchMap":{"0":{"loc":{"start":{"line":12,"column":8},"end":{"line":14,"column":9}},"type":"if","locations":[{"start":{"line":12,"column":8},"end":{"line":14,"column":9}},{"start":{},"end":{}}]}},"s":{"0":26,"1":35,"2":39,"3":35,"4":39,"5":191,"6":56,"7":120,"8":1015,"9":119,"10":5,"11":26},"f":{"0":35,"1":39,"2":191,"3":56,"4":120,"5":1015,"6":5},"b":{"0":[35,4]}}
,"D:\\NEU\\Game Engine\\Final Project\\src\\ecs\\entities\\Customer.ts": {"path":"D:\\NEU\\Game Engine\\Final Project\\src\\ecs\\entities\\Customer.ts","statementMap":{"0":{"start":{"line":8,"column":0},"end":{"line":8,"column":16}},"1":{"start":{"line":6,"column":17},"end":{"line":6,"column":18}},"2":{"start":{"line":9,"column":4},"end":{"line":9,"column":62}},"3":{"start":{"line":10,"column":27},"end":{"line":13,"column":6}},"4":{"start":{"line":15,"column":4},"end":{"line":18,"column":7}},"5":{"start":{"line":20,"column":4},"end":{"line":26,"column":7}},"6":{"start":{"line":28,"column":4},"end":{"line":31,"column":7}},"7":{"start":{"line":33,"column":4},"end":{"line":35,"column":7}},"8":{"start":{"line":37,"column":4},"end":{"line":37,"column":18}}},"fnMap":{"0":{"name":"createCustomer","decl":{"start":{"line":8,"column":16},"end":{"line":8,"column":30}},"loc":{"start":{"line":8,"column":42},"end":{"line":38,"column":1}}}},"branchMap":{},"s":{"0":1,"1":1,"2":2135,"3":2135,"4":2135,"5":2135,"6":2133,"7":2133,"8":2133},"f":{"0":2135},"b":{}}
,"D:\\NEU\\Game Engine\\Final Project\\src\\ecs\\systems\\AnimationSystem.ts": {"path":"D:\\NEU\\Game Engine\\Final Project\\src\\ecs\\systems\\AnimationSystem.ts","statementMap":{"0":{"start":{"line":1,"column":0},"end":{"line":1,"column":42}},"1":{"start":{"line":7,"column":8},"end":{"line":7,"column":16}},"2":{"start":{"line":8,"column":8},"end":{"line":8,"column":27}},"3":{"start":{"line":16,"column":8},"end":{"line":23,"column":11}},"4":{"start":{"line":27,"column":8},"end":{"line":34,"column":11}},"5":{"start":{"line":38,"column":8},"end":{"line":38,"column":44}},"6":{"start":{"line":39,"column":8},"end":{"line":44,"column":11}},"7":{"start":{"line":48,"column":8},"end":{"line":54,"column":11}},"8":{"start":{"line":3,"column":0},"end":{"line":3,"column":21}}},"fnMap":{"0":{"name":"(anonymous_0)","decl":{"start":{"line":6,"column":4},"end":{"line":6,"column":16}},"loc":{"start":{"line":6,"column":35},"end":{"line":9,"column":5}}},"1":{"name":"(anonymous_1)","decl":{"start":{"line":11,"column":4},"end":{"line":11,"column":10}},"loc":{"start":{"line":11,"column":28},"end":{"line":13,"column":5}}},"2":{"name":"(anonymous_2)","decl":{"start":{"line":15,"column":4},"end":{"line":15,"column":13}},"loc":{"start":{"line":15,"column":70},"end":{"line":24,"column":5}}},"3":{"name":"(anonymous_3)","decl":{"start":{"line":26,"column":4},"end":{"line":26,"column":14}},"loc":{"start":{"line":26,"column":71},"end":{"line":35,"column":5}}},"4":{"name":"(anonymous_4)","decl":{"start":{"line":37,"column":4},"end":{"line":37,"column":11}},"loc":{"start":{"line":37,"column":75},"end":{"line":45,"column":5}}},"5":{"name":"(anonymous_5)","decl":{"start":{"line":47,"column":4},"end":{"line":47,"column":10}},"loc":{"start":{"line":47,"column":46},"end":{"line":55,"column":5}}}},"branchMap":{"0":{"loc":{"start":{"line":15,"column":27},"end":{"line":15,"column":49}},"type":"default-arg","locations":[{"start":{"line":15,"column":46},"end":{"line":15,"column":49}}]},"1":{"loc":{"start":{"line":15,"column":51},"end":{"line":15,"column":70}},"type":"default-arg","locations":[{"start":{"line":15,"column":66},"end":{"line":15,"column":70}}]},"2":{"loc":{"start":{"line":26,"column":28},"end":{"line":26,"column":47}},"type":"default-arg","locations":[{"start":{"line":26,"column":44},"end":{"line":26,"column":47}}]},"3":{"loc":{"start":{"line":26,"column":49},"end":{"line":26,"column":71}},"type":"default-arg","locations":[{"start":{"line":26,"column":68},"end":{"line":26,"column":71}}]},"4":{"loc":{"start":{"line":37,"column":53},"end":{"line":37,"column":75}},"type":"default-arg","locations":[{"start":{"line":37,"column":72},"end":{"line":37,"column":75}}]},"5":{"loc":{"start":{"line":47,"column":24},"end":{"line":47,"column":46}},"type":"default-arg","locations":[{"start":{"line":47,"column":43},"end":{"line":47,"column":46}}]}},"s":{"0":1,"1":58,"2":58,"3":1220,"4":116,"5":114,"6":112,"7":116,"8":1},"f":{"0":58,"1":1007,"2":1220,"3":116,"4":114,"5":116},"b":{"0":[1212],"1":[1212],"2":[107],"3":[111],"4":[109],"5":[111]}}
,"D:\\NEU\\Game Engine\\Final Project\\src\\ecs\\systems\\AudioSystem.ts": {"path":"D:\\NEU\\Game Engine\\Final Project\\src\\ecs\\systems\\AudioSystem.ts","statementMap":{"0":{"start":{"line":1,"column":0},"end":{"line":1,"column":42}},"1":{"start":{"line":12,"column":8},"end":{"line":12,"column":16}},"2":{"start":{"line":5,"column":12},"end":{"line":5,"column":68}},"3":{"start":{"line":7,"column":12},"end":{"line":7,"column":37}},"4":{"start":{"line":8,"column":12},"end":{"line":8,"column":38}},"5":{"start":{"line":9,"column":12},"end":{"line":9,"column":36}},"6":{"start":{"line":13,"column":8},"end":{"line":13,"column":27}},"7":{"start":{"line":25,"column":8},"end":{"line":25,"column":87}},"8":{"start":{"line":28,"column":8},"end":{"line":28,"column":77}},"9":{"start":{"line":29,"column":8},"end":{"line":29,"column":81}},"10":{"start":{"line":30,"column":8},"end":{"line":30,"column":75}},"11":{"start":{"line":31,"column":8},"end":{"line":31,"column":79}},"12":{"start":{"line":32,"column":8},"end":{"line":32,"column":73}},"13":{"start":{"line":40,"column":8},"end":{"line":43,"column":11}},"14":{"start":{"line":46,"column":8},"end":{"line":46,"column":98}},"15":{"start":{"line":47,"column":8},"end":{"line":47,"column":102}},"16":{"start":{"line":48,"column":8},"end":{"line":48,"column":96}},"17":{"start":{"line":49,"column":8},"end":{"line":49,"column":100}},"18":{"start":{"line":50,"column":8},"end":{"line":50,"column":96}},"19":{"start":{"line":57,"column":8},"end":{"line":59,"column":9}},"20":{"start":{"line":58,"column":12},"end":{"line":58,"column":40}},"21":{"start":{"line":66,"column":8},"end":{"line":68,"column":9}},"22":{"start":{"line":67,"column":12},"end":{"line":67,"column":40}},"23":{"start":{"line":75,"column":8},"end":{"line":75,"column":32}},"24":{"start":{"line":82,"column":8},"end":{"line":82,"column":34}},"25":{"start":{"line":89,"column":8},"end":{"line":89,"column":31}},"26":{"start":{"line":96,"column":8},"end":{"line":96,"column":36}},"27":{"start":{"line":103,"column":8},"end":{"line":103,"column":35}},"28":{"start":{"line":104,"column":8},"end":{"line":104,"column":30}},"29":{"start":{"line":111,"column":8},"end":{"line":111,"column":33}},"30":{"start":{"line":111,"column":26},"end":{"line":111,"column":33}},"31":{"start":{"line":113,"column":22},"end":{"line":113,"column":47}},"32":{"start":{"line":114,"column":8},"end":{"line":116,"column":9}},"33":{"start":{"line":115,"column":12},"end":{"line":115,"column":25}},"34":{"start":{"line":123,"column":8},"end":{"line":123,"column":37}},"35":{"start":{"line":125,"column":8},"end":{"line":134,"column":9}},"36":{"start":{"line":126,"column":12},"end":{"line":126,"column":39}},"37":{"start":{"line":127,"column":12},"end":{"line":131,"column":15}},"38":{"start":{"line":128,"column":16},"end":{"line":130,"column":17}},"39":{"start":{"line":129,"column":20},"end":{"line":129,"column":33}},"40":{"start":{"line":133,"column":12},"end":{"line":133,"column":39}},"41":{"start":{"line":141,"column":8},"end":{"line":141,"column":60}},"42":{"start":{"line":142,"column":8},"end":{"line":144,"column":9}},"43":{"start":{"line":143,"column":13},"end":{"line":143,"column":70}},"44":{"start":{"line":146,"column":25},"end":{"line":146,"column":47}},"45":{"start":{"line":147,"column":8},"end":{"line":149,"column":9}},"46":{"start":{"line":148,"column":13},"end":{"line":148,"column":58}},"47":{"start":{"line":156,"column":8},"end":{"line":156,"column":58}},"48":{"start":{"line":157,"column":8},"end":{"line":161,"column":11}},"49":{"start":{"line":158,"column":12},"end":{"line":160,"column":13}},"50":{"start":{"line":159,"column":17},"end":{"line":159,"column":57}},"51":{"start":{"line":168,"column":8},"end":{"line":168,"column":32}},"52":{"start":{"line":175,"column":8},"end":{"line":175,"column":30}},"53":{"start":{"line":182,"column":8},"end":{"line":182,"column":28}},"54":{"start":{"line":189,"column":8},"end":{"line":189,"column":35}},"55":{"start":{"line":190,"column":8},"end":{"line":194,"column":11}},"56":{"start":{"line":191,"column":12},"end":{"line":193,"column":13}},"57":{"start":{"line":192,"column":16},"end":{"line":192,"column":29}},"58":{"start":{"line":201,"column":8},"end":{"line":201,"column":29}},"59":{"start":{"line":202,"column":8},"end":{"line":202,"column":28}},"60":{"start":{"line":203,"column":8},"end":{"line":203,"column":41}},"61":{"start":{"line":3,"column":0},"end":{"line":3,"column":21}}},"fnMap":{"0":{"name":"(anonymous_0)","decl":{"start":{"line":11,"column":4},"end":{"line":11,"column":16}},"loc":{"start":{"line":11,"column":35},"end":{"line":14,"column":5}}},"1":{"name":"(anonymous_1)","decl":{"start":{"line":16,"column":4},"end":{"line":16,"column":10}},"loc":{"start":{"line":16,"column":28},"end":{"line":18,"column":5}}},"2":{"name":"(anonymous_2)","decl":{"start":{"line":23,"column":4},"end":{"line":23,"column":16}},"loc":{"start":{"line":23,"column":16},"end":{"line":33,"column":5}}},"3":{"name":"(anonymous_3)","decl":{"start":{"line":38,"column":4},"end":{"line":38,"column":15}},"loc":{"start":{"line":38,"column":15},"end":{"line":51,"column":5}}},"4":{"name":"(anonymous_4)","decl":{"start":{"line":56,"column":4},"end":{"line":56,"column":23}},"loc":{"start":{"line":56,"column":23},"end":{"line":60,"column":5}}},"5":{"name":"(anonymous_5)","decl":{"start":{"line":65,"column":4},"end":{"line":65,"column":23}},"loc":{"start":{"line":65,"column":23},"end":{"line":69,"column":5}}},"6":{"name":"(anonymous_6)","decl":{"start":{"line":74,"column":4},"end":{"line":74,"column":18}},"loc":{"start":{"line":74,"column":18},"end":{"line":76,"column":5}}},"7":{"name":"(anonymous_7)","decl":{"start":{"line":81,"column":4},"end":{"line":81,"column":20}},"loc":{"start":{"line":81,"column":20},"end":{"line":83,"column":5}}},"8":{"name":"(anonymous_8)","decl":{"start":{"line":88,"column":4},"end":{"line":88,"column":17}},"loc":{"start":{"line":88,"column":17},"end":{"line":90,"column":5}}},"9":{"name":"(anonymous_9)","decl":{"start":{"line":95,"column":4},"end":{"line":95,"column":18}},"loc":{"start":{"line":95,"column":18},"end":{"line":97,"column":5}}},"10":{"name":"(anonymous_10)","decl":{"start":{"line":102,"column":4},"end":{"line":102,"column":16}},"loc":{"start":{"line":102,"column":16},"end":{"line":105,"column":5}}},"11":{"name":"(anonymous_11)","decl":{"start":{"line":110,"column":12},"end":{"line":110,"column":21}},"loc":{"start":{"line":110,"column":38},"end":{"line":117,"column":5}}},"12":{"name":"(anonymous_12)","decl":{"start":{"line":122,"column":4},"end":{"line":122,"column":14}},"loc":{"start":{"line":122,"column":14},"end":{"line":135,"column":5}}},"13":{"name":"(anonymous_13)","decl":{"start":{"line":127,"column":32},"end":{"line":127,"column":37}},"loc":{"start":{"line":127,"column":40},"end":{"line":131,"column":13}}},"14":{"name":"(anonymous_14)","decl":{"start":{"line":140,"column":4},"end":{"line":140,"column":18}},"loc":{"start":{"line":140,"column":33},"end":{"line":150,"column":5}}},"15":{"name":"(anonymous_15)","decl":{"start":{"line":155,"column":4},"end":{"line":155,"column":16}},"loc":{"start":{"line":155,"column":31},"end":{"line":162,"column":5}}},"16":{"name":"(anonymous_16)","decl":{"start":{"line":157,"column":28},"end":{"line":157,"column":29}},"loc":{"start":{"line":157,"column":43},"end":{"line":161,"column":9}}},"17":{"name":"(anonymous_17)","decl":{"start":{"line":167,"column":4},"end":{"line":167,"column":18}},"loc":{"start":{"line":167,"column":18},"end":{"line":169,"column":5}}},"18":{"name":"(anonymous_18)","decl":{"start":{"line":174,"column":4},"end":{"line":174,"column":16}},"loc":{"start":{"line":174,"column":16},"end":{"line":176,"column":5}}},"19":{"name":"(anonymous_19)","decl":{"start":{"line":181,"column":4},"end":{"line":181,"column":14}},"loc":{"start":{"line":181,"column":14},"end":{"line":183,"column":5}}},"20":{"name":"(anonymous_20)","decl":{"start":{"line":188,"column":4},"end":{"line":188,"column":17}},"loc":{"start":{"line":188,"column":17},"end":{"line":195,"column":5}}},"21":{"name":"(anonymous_21)","decl":{"start":{"line":190,"column":28},"end":{"line":190,"column":33}},"loc":{"start":{"line":190,"column":36},"end":{"line":194,"column":9}}},"22":{"name":"(anonymous_22)","decl":{"start":{"line":200,"column":4},"end":{"line":200,"column":11}},"loc":{"start":{"line":200,"column":11},"end":{"line":204,"column":5}}}},"branchMap":{"0":{"loc":{"start":{"line":57,"column":8},"end":{"line":59,"column":9}},"type":"if","locations":[{"start":{"line":57,"column":8},"end":{"line":59,"column":9}},{"start":{},"end":{}}]},"1":{"loc":{"start":{"line":57,"column":12},"end":{"line":57,"column":84}},"type":"binary-expr","locations":[{"start":{"line":57,"column":12},"end":{"line":57,"column":32}},{"start":{"line":57,"column":36},"end":{"line":57,"column":67}},{"start":{"line":57,"column":71},"end":{"line":57,"column":84}}]},"2":{"loc":{"start":{"line":66,"column":8},"end":{"line":68,"column":9}},"type":"if","locations":[{"start":{"line":66,"column":8},"end":{"line":68,"column":9}},{"start":{},"end":{}}]},"3":{"loc":{"start":{"line":66,"column":12},"end":{"line":66,"column":66}},"type":"binary-expr","locations":[{"start":{"line":66,"column":12},"end":{"line":66,"column":32}},{"start":{"line":66,"column":36},"end":{"line":66,"column":66}}]},"4":{"loc":{"start":{"line":111,"column":8},"end":{"line":111,"column":33}},"type":"if","locations":[{"start":{"line":111,"column":8},"end":{"line":111,"column":33}},{"start":{},"end":{}}]},"5":{"loc":{"start":{"line":114,"column":8},"end":{"line":116,"column":9}},"type":"if","locations":[{"start":{"line":114,"column":8},"end":{"line":116,"column":9}},{"start":{},"end":{}}]},"6":{"loc":{"start":{"line":125,"column":8},"end":{"line":134,"column":9}},"type":"if","locations":[{"start":{"line":125,"column":8},"end":{"line":134,"column":9}},{"start":{"line":132,"column":15},"end":{"line":134,"column":9}}]},"7":{"loc":{"start":{"line":128,"column":16},"end":{"line":130,"column":17}},"type":"if","locations":[{"start":{"line":128,"column":16},"end":{"line":130,"column":17}},{"start":{},"end":{}}]},"8":{"loc":{"start":{"line":142,"column":8},"end":{"line":144,"column":9}},"type":"if","locations":[{"start":{"line":142,"column":8},"end":{"line":144,"column":9}},{"start":{},"end":{}}]},"9":{"loc":{"start":{"line":147,"column":8},"end":{"line":149,"column":9}},"type":"if","locations":[{"start":{"line":147,"column":8},"end":{"line":149,"column":9}},{"start":{},"end":{}}]},"10":{"loc":{"start":{"line":158,"column":12},"end":{"line":160,"column":13}},"type":"if","locations":[{"start":{"line":158,"column":12},"end":{"line":160,"column":13}},{"start":{},"end":{}}]},"11":{"loc":{"start":{"line":191,"column":12},"end":{"line":193,"column":13}},"type":"if","locations":[{"start":{"line":191,"column":12},"end":{"line":193,"column":13}},{"start":{},"end":{}}]}},"s":{"0":1,"1":27,"2":27,"3":27,"4":27,"5":27,"6":27,"7":4,"8":3,"9":3,"10":3,"11":3,"12":3,"13":21,"14":19,"15":19,"16":19,"17":19,"18":19,"19":2,"20":2,"21":6,"22":0,"23":3,"24":1,"25":1,"26":1,"27":1,"28":1,"29":7,"30":0,"31":7,"32":7,"33":5,"34":7,"35":7,"36":5,"37":5,"38":20,"39":0,"40":2,"41":0,"42":0,"43":0,"44":0,"45":0,"46":0,"47":2,"48":2,"49":0,"50":0,"51":2,"52":3,"53":4,"54":0,"55":0,"56":0,"57":0,"58":0,"59":0,"60":0,"61":1},"f":{"0":27,"1":2,"2":4,"3":21,"4":2,"5":6,"6":3,"7":1,"8":1,"9":1,"10":1,"11":7,"12":7,"13":20,"14":0,"15":2,"16":0,"17":2,"18":3,"19":4,"20":0,"21":0,"22":0},"b":{"0":[2,0],"1":[2,2,2],"2":[0,6],"3":[6,5],"4":[0,7],"5":[5,2],"6":[5,2],"7":[0,20],"8":[0,0],"9":[0,0],"10":[0,0],"11":[0,0]}}
,"D:\\NEU\\Game Engine\\Final Project\\src\\ecs\\systems\\CustomerSpawnSystem.ts": {"path":"D:\\NEU\\Game Engine\\Final Project\\src\\ecs\\systems\\CustomerSpawnSystem.ts","statementMap":{"0":{"start":{"line":4,"column":0},"end":{"line":4,"column":42}},"1":{"start":{"line":74,"column":8},"end":{"line":74,"column":16}},"2":{"start":{"line":71,"column":16},"end":{"line":71,"column":44}},"3":{"start":{"line":72,"column":16},"end":{"line":72,"column":40}},"4":{"start":{"line":7,"column":12},"end":{"line":7,"column":35}},"5":{"start":{"line":8,"column":21},"end":{"line":8,"column":50}},"6":{"start":{"line":11,"column":21},"end":{"line":38,"column":6}},"7":{"start":{"line":41,"column":21},"end":{"line":60,"column":6}},"8":{"start":{"line":63,"column":21},"end":{"line":68,"column":6}},"9":{"start":{"line":78,"column":8},"end":{"line":78,"column":33}},"10":{"start":{"line":79,"column":26},"end":{"line":79,"column":90}},"11":{"start":{"line":82,"column":8},"end":{"line":84,"column":9}},"12":{"start":{"line":83,"column":12},"end":{"line":83,"column":19}},"13":{"start":{"line":86,"column":8},"end":{"line":89,"column":9}},"14":{"start":{"line":87,"column":12},"end":{"line":87,"column":32}},"15":{"start":{"line":88,"column":12},"end":{"line":88,"column":42}},"16":{"start":{"line":93,"column":24},"end":{"line":93,"column":53}},"17":{"start":{"line":94,"column":29},"end":{"line":94,"column":80}},"18":{"start":{"line":97,"column":22},"end":{"line":97,"column":110}},"19":{"start":{"line":98,"column":30},"end":{"line":98,"column":77}},"20":{"start":{"line":100,"column":31},"end":{"line":100,"column":88}},"21":{"start":{"line":101,"column":8},"end":{"line":101,"column":53}},"22":{"start":{"line":106,"column":27},"end":{"line":106,"column":51}},"23":{"start":{"line":108,"column":8},"end":{"line":139,"column":10}},"24":{"start":{"line":143,"column":8},"end":{"line":143,"column":56}},"25":{"start":{"line":143,"column":36},"end":{"line":143,"column":56}},"26":{"start":{"line":144,"column":8},"end":{"line":144,"column":71}},"27":{"start":{"line":148,"column":31},"end":{"line":148,"column":78}},"28":{"start":{"line":149,"column":8},"end":{"line":149,"column":57}},"29":{"start":{"line":149,"column":29},"end":{"line":149,"column":57}},"30":{"start":{"line":151,"column":8},"end":{"line":151,"column":81}},"31":{"start":{"line":155,"column":31},"end":{"line":155,"column":78}},"32":{"start":{"line":156,"column":8},"end":{"line":156,"column":75}},"33":{"start":{"line":156,"column":29},"end":{"line":156,"column":75}},"34":{"start":{"line":158,"column":8},"end":{"line":158,"column":99}},"35":{"start":{"line":162,"column":8},"end":{"line":162,"column":80}},"36":{"start":{"line":6,"column":0},"end":{"line":6,"column":13}}},"fnMap":{"0":{"name":"(anonymous_0)","decl":{"start":{"line":70,"column":4},"end":{"line":70,"column":null}},"loc":{"start":{"line":72,"column":40},"end":{"line":75,"column":5}}},"1":{"name":"(anonymous_1)","decl":{"start":{"line":77,"column":4},"end":{"line":77,"column":10}},"loc":{"start":{"line":77,"column":24},"end":{"line":90,"column":5}}},"2":{"name":"(anonymous_2)","decl":{"start":{"line":92,"column":12},"end":{"line":92,"column":34}},"loc":{"start":{"line":92,"column":34},"end":{"line":103,"column":5}}},"3":{"name":"(anonymous_3)","decl":{"start":{"line":105,"column":12},"end":{"line":105,"column":35}},"loc":{"start":{"line":105,"column":66},"end":{"line":140,"column":5}}},"4":{"name":"(anonymous_4)","decl":{"start":{"line":142,"column":12},"end":{"line":142,"column":29}},"loc":{"start":{"line":142,"column":54},"end":{"line":145,"column":5}}},"5":{"name":"(anonymous_5)","decl":{"start":{"line":147,"column":11},"end":{"line":147,"column":31}},"loc":{"start":{"line":147,"column":51},"end":{"line":152,"column":5}}},"6":{"name":"(anonymous_6)","decl":{"start":{"line":154,"column":11},"end":{"line":154,"column":28}},"loc":{"start":{"line":154,"column":48},"end":{"line":159,"column":5}}},"7":{"name":"(anonymous_7)","decl":{"start":{"line":161,"column":11},"end":{"line":161,"column":30}},"loc":{"start":{"line":161,"column":30},"end":{"line":163,"column":5}}}},"branchMap":{"0":{"loc":{"start":{"line":82,"column":8},"end":{"line":84,"column":9}},"type":"if","locations":[{"start":{"line":82,"column":8},"end":{"line":84,"column":9}},{"start":{},"end":{}}]},"1":{"loc":{"start":{"line":86,"column":8},"end":{"line":89,"column":9}},"type":"if","locations":[{"start":{"line":86,"column":8},"end":{"line":89,"column":9}},{"start":{},"end":{}}]},"2":{"loc":{"start":{"line":97,"column":22},"end":{"line":97,"column":110}},"type":"binary-expr","locations":[{"start":{"line":97,"column":22},"end":{"line":97,"column":60}},{"start":{"line":97,"column":64},"end":{"line":97,"column":110}}]},"3":{"loc":{"start":{"line":142,"column":30},"end":{"line":142,"column":54}},"type":"default-arg","locations":[{"start":{"line":142,"column":52},"end":{"line":142,"column":54}}]},"4":{"loc":{"start":{"line":143,"column":8},"end":{"line":143,"column":56}},"type":"if","locations":[{"start":{"line":143,"column":8},"end":{"line":143,"column":56}},{"start":{},"end":{}}]},"5":{"loc":{"start":{"line":149,"column":8},"end":{"line":149,"column":57}},"type":"if","locations":[{"start":{"line":149,"column":8},"end":{"line":149,"column":57}},{"start":{},"end":{}}]},"6":{"loc":{"start":{"line":151,"column":15},"end":{"line":151,"column":80}},"type":"binary-expr","locations":[{"start":{"line":151,"column":15},"end":{"line":151,"column":47}},{"start":{"line":151,"column":51},"end":{"line":151,"column":80}}]},"7":{"loc":{"start":{"line":156,"column":8},"end":{"line":156,"column":75}},"type":"if","locations":[{"start":{"line":156,"column":8},"end":{"line":156,"column":75}},{"start":{},"end":{}}]},"8":{"loc":{"start":{"line":158,"column":15},"end":{"line":158,"column":98}},"type":"binary-expr","locations":[{"start":{"line":158,"column":15},"end":{"line":158,"column":43}},{"start":{"line":158,"column":47},"end":{"line":158,"column":98}}]}},"s":{"0":2,"1":49,"2":49,"3":49,"4":49,"5":49,"6":49,"7":49,"8":49,"9":2,"10":2,"11":2,"12":0,"13":2,"14":1,"15":1,"16":1,"17":1,"18":1,"19":1,"20":1,"21":1,"22":1,"23":1,"24":2,"25":0,"26":2,"27":0,"28":0,"29":0,"30":0,"31":0,"32":0,"33":0,"34":0,"35":0,"36":2},"f":{"0":49,"1":2,"2":1,"3":1,"4":2,"5":0,"6":0,"7":0},"b":{"0":[0,2],"1":[1,1],"2":[1,0],"3":[0],"4":[0,2],"5":[0,0],"6":[0,0],"7":[0,0],"8":[0,0]}}
,"D:\\NEU\\Game Engine\\Final Project\\src\\ecs\\systems\\DebugSystem.ts": {"path":"D:\\NEU\\Game Engine\\Final Project\\src\\ecs\\systems\\DebugSystem.ts","statementMap":{"0":{"start":{"line":1,"column":0},"end":{"line":1,"column":42}},"1":{"start":{"line":13,"column":8},"end":{"line":13,"column":16}},"2":{"start":{"line":10,"column":16},"end":{"line":10,"column":44}},"3":{"start":{"line":11,"column":16},"end":{"line":11,"column":40}},"4":{"start":{"line":6,"column":12},"end":{"line":6,"column":35}},"5":{"start":{"line":7,"column":21},"end":{"line":7,"column":50}},"6":{"start":{"line":17,"column":8},"end":{"line":17,"column":33}},"7":{"start":{"line":19,"column":8},"end":{"line":22,"column":9}},"8":{"start":{"line":20,"column":12},"end":{"line":20,"column":32}},"9":{"start":{"line":21,"column":12},"end":{"line":21,"column":34}},"10":{"start":{"line":26,"column":8},"end":{"line":26,"column":49}},"11":{"start":{"line":29,"column":24},"end":{"line":29,"column":53}},"12":{"start":{"line":30,"column":28},"end":{"line":30,"column":61}},"13":{"start":{"line":31,"column":8},"end":{"line":31,"column":100}},"14":{"start":{"line":34,"column":28},"end":{"line":34,"column":63}},"15":{"start":{"line":35,"column":8},"end":{"line":35,"column":70}},"16":{"start":{"line":38,"column":8},"end":{"line":43,"column":11}},"17":{"start":{"line":39,"column":12},"end":{"line":39,"column":82}},"18":{"start":{"line":40,"column":12},"end":{"line":42,"column":15}},"19":{"start":{"line":41,"column":16},"end":{"line":41,"column":66}},"20":{"start":{"line":45,"column":8},"end":{"line":45,"column":48}},"21":{"start":{"line":5,"column":0},"end":{"line":5,"column":13}}},"fnMap":{"0":{"name":"(anonymous_0)","decl":{"start":{"line":9,"column":4},"end":{"line":9,"column":null}},"loc":{"start":{"line":11,"column":40},"end":{"line":14,"column":5}}},"1":{"name":"(anonymous_1)","decl":{"start":{"line":16,"column":4},"end":{"line":16,"column":10}},"loc":{"start":{"line":16,"column":24},"end":{"line":23,"column":5}}},"2":{"name":"(anonymous_2)","decl":{"start":{"line":25,"column":12},"end":{"line":25,"column":26}},"loc":{"start":{"line":25,"column":26},"end":{"line":46,"column":5}}},"3":{"name":"(anonymous_3)","decl":{"start":{"line":38,"column":28},"end":{"line":38,"column":29}},"loc":{"start":{"line":38,"column":43},"end":{"line":43,"column":9}}},"4":{"name":"(anonymous_4)","decl":{"start":{"line":40,"column":38},"end":{"line":40,"column":39}},"loc":{"start":{"line":40,"column":67},"end":{"line":42,"column":13}}}},"branchMap":{"0":{"loc":{"start":{"line":19,"column":8},"end":{"line":22,"column":9}},"type":"if","locations":[{"start":{"line":19,"column":8},"end":{"line":22,"column":9}},{"start":{},"end":{}}]}},"s":{"0":2,"1":82,"2":82,"3":82,"4":82,"5":82,"6":242,"7":242,"8":177,"9":177,"10":177,"11":176,"12":175,"13":175,"14":173,"15":172,"16":172,"17":111,"18":111,"19":1012,"20":172,"21":2},"f":{"0":82,"1":242,"2":177,"3":111,"4":1012},"b":{"0":[177,65]}}
,"D:\\NEU\\Game Engine\\Final Project\\src\\ecs\\systems\\DragSystem.ts": {"path":"D:\\NEU\\Game Engine\\Final Project\\src\\ecs\\systems\\DragSystem.ts","statementMap":{"0":{"start":{"line":1,"column":0},"end":{"line":1,"column":42}},"1":{"start":{"line":12,"column":8},"end":{"line":12,"column":16}},"2":{"start":{"line":8,"column":12},"end":{"line":8,"column":40}},"3":{"start":{"line":9,"column":12},"end":{"line":9,"column":48}},"4":{"start":{"line":13,"column":8},"end":{"line":13,"column":27}},"5":{"start":{"line":14,"column":8},"end":{"line":14,"column":43}},"6":{"start":{"line":15,"column":8},"end":{"line":15,"column":26}},"7":{"start":{"line":20,"column":8},"end":{"line":20,"column":69}},"8":{"start":{"line":21,"column":8},"end":{"line":21,"column":69}},"9":{"start":{"line":22,"column":8},"end":{"line":22,"column":65}},"10":{"start":{"line":27,"column":25},"end":{"line":27,"column":81}},"11":{"start":{"line":29,"column":8},"end":{"line":40,"column":9}},"12":{"start":{"line":30,"column":30},"end":{"line":30,"column":104}},"13":{"start":{"line":31,"column":12},"end":{"line":31,"column":62}},"14":{"start":{"line":31,"column":53},"end":{"line":31,"column":62}},"15":{"start":{"line":33,"column":31},"end":{"line":33,"column":83}},"16":{"start":{"line":35,"column":27},"end":{"line":35,"column":49}},"17":{"start":{"line":36,"column":12},"end":{"line":39,"column":13}},"18":{"start":{"line":37,"column":16},"end":{"line":37,"column":50}},"19":{"start":{"line":38,"column":16},"end":{"line":38,"column":22}},"20":{"start":{"line":44,"column":26},"end":{"line":44,"column":100}},"21":{"start":{"line":45,"column":8},"end":{"line":45,"column":31}},"22":{"start":{"line":45,"column":24},"end":{"line":45,"column":31}},"23":{"start":{"line":47,"column":8},"end":{"line":47,"column":31}},"24":{"start":{"line":48,"column":8},"end":{"line":48,"column":38}},"25":{"start":{"line":49,"column":8},"end":{"line":49,"column":36}},"26":{"start":{"line":51,"column":27},"end":{"line":51,"column":54}},"27":{"start":{"line":52,"column":8},"end":{"line":52,"column":57}},"28":{"start":{"line":53,"column":8},"end":{"line":53,"column":57}},"29":{"start":{"line":56,"column":8},"end":{"line":56,"column":34}},"30":{"start":{"line":60,"column":8},"end":{"line":60,"column":60}},"31":{"start":{"line":60,"column":53},"end":{"line":60,"column":60}},"32":{"start":{"line":62,"column":26},"end":{"line":62,"column":110}},"33":{"start":{"line":63,"column":8},"end":{"line":63,"column":56}},"34":{"start":{"line":63,"column":49},"end":{"line":63,"column":56}},"35":{"start":{"line":65,"column":27},"end":{"line":65,"column":54}},"36":{"start":{"line":66,"column":21},"end":{"line":66,"column":54}},"37":{"start":{"line":67,"column":21},"end":{"line":67,"column":54}},"38":{"start":{"line":69,"column":8},"end":{"line":69,"column":43}},"39":{"start":{"line":71,"column":21},"end":{"line":71,"column":47}},"40":{"start":{"line":72,"column":8},"end":{"line":74,"column":9}},"41":{"start":{"line":73,"column":12},"end":{"line":73,"column":41}},"42":{"start":{"line":78,"column":8},"end":{"line":78,"column":60}},"43":{"start":{"line":78,"column":53},"end":{"line":78,"column":60}},"44":{"start":{"line":80,"column":26},"end":{"line":80,"column":110}},"45":{"start":{"line":81,"column":8},"end":{"line":81,"column":31}},"46":{"start":{"line":81,"column":24},"end":{"line":81,"column":31}},"47":{"start":{"line":84,"column":8},"end":{"line":88,"column":11}},"48":{"start":{"line":91,"column":8},"end":{"line":91,"column":25}},"49":{"start":{"line":95,"column":8},"end":{"line":111,"column":9}},"50":{"start":{"line":96,"column":30},"end":{"line":96,"column":114}},"51":{"start":{"line":97,"column":12},"end":{"line":110,"column":13}},"52":{"start":{"line":98,"column":16},"end":{"line":98,"column":45}},"53":{"start":{"line":101,"column":35},"end":{"line":101,"column":62}},"54":{"start":{"line":102,"column":16},"end":{"line":102,"column":99}},"55":{"start":{"line":103,"column":16},"end":{"line":103,"column":39}},"56":{"start":{"line":106,"column":29},"end":{"line":106,"column":55}},"57":{"start":{"line":107,"column":16},"end":{"line":109,"column":17}},"58":{"start":{"line":108,"column":20},"end":{"line":108,"column":97}},"59":{"start":{"line":113,"column":8},"end":{"line":113,"column":32}},"60":{"start":{"line":114,"column":8},"end":{"line":114,"column":34}},"61":{"start":{"line":123,"column":26},"end":{"line":123,"column":100}},"62":{"start":{"line":124,"column":8},"end":{"line":138,"column":9}},"63":{"start":{"line":125,"column":31},"end":{"line":125,"column":58}},"64":{"start":{"line":128,"column":25},"end":{"line":128,"column":51}},"65":{"start":{"line":129,"column":12},"end":{"line":131,"column":13}},"66":{"start":{"line":130,"column":16},"end":{"line":130,"column":31}},"67":{"start":{"line":134,"column":12},"end":{"line":134,"column":33}},"68":{"start":{"line":137,"column":12},"end":{"line":137,"column":54}},"69":{"start":{"line":143,"column":26},"end":{"line":143,"column":100}},"70":{"start":{"line":144,"column":8},"end":{"line":154,"column":9}},"71":{"start":{"line":145,"column":31},"end":{"line":145,"column":58}},"72":{"start":{"line":146,"column":12},"end":{"line":146,"column":95}},"73":{"start":{"line":147,"column":12},"end":{"line":147,"column":35}},"74":{"start":{"line":150,"column":25},"end":{"line":150,"column":51}},"75":{"start":{"line":151,"column":12},"end":{"line":153,"column":13}},"76":{"start":{"line":152,"column":16},"end":{"line":152,"column":93}},"77":{"start":{"line":5,"column":0},"end":{"line":5,"column":13}}},"fnMap":{"0":{"name":"(anonymous_0)","decl":{"start":{"line":11,"column":4},"end":{"line":11,"column":16}},"loc":{"start":{"line":11,"column":65},"end":{"line":16,"column":5}}},"1":{"name":"(anonymous_1)","decl":{"start":{"line":18,"column":12},"end":{"line":18,"column":22}},"loc":{"start":{"line":18,"column":22},"end":{"line":23,"column":5}}},"2":{"name":"(anonymous_2)","decl":{"start":{"line":25,"column":12},"end":{"line":25,"column":25}},"loc":{"start":{"line":25,"column":55},"end":{"line":41,"column":5}}},"3":{"name":"(anonymous_3)","decl":{"start":{"line":43,"column":12},"end":{"line":43,"column":21}},"loc":{"start":{"line":43,"column":69},"end":{"line":57,"column":5}}},"4":{"name":"(anonymous_4)","decl":{"start":{"line":59,"column":12},"end":{"line":59,"column":25}},"loc":{"start":{"line":59,"column":55},"end":{"line":75,"column":5}}},"5":{"name":"(anonymous_5)","decl":{"start":{"line":77,"column":12},"end":{"line":77,"column":23}},"loc":{"start":{"line":77,"column":53},"end":{"line":92,"column":5}}},"6":{"name":"(anonymous_6)","decl":{"start":{"line":94,"column":12},"end":{"line":94,"column":21}},"loc":{"start":{"line":94,"column":21},"end":{"line":115,"column":5}}},"7":{"name":"(anonymous_7)","decl":{"start":{"line":117,"column":4},"end":{"line":117,"column":10}},"loc":{"start":{"line":117,"column":28},"end":{"line":119,"column":5}}},"8":{"name":"(anonymous_8)","decl":{"start":{"line":122,"column":11},"end":{"line":122,"column":22}},"loc":{"start":{"line":122,"column":39},"end":{"line":139,"column":5}}},"9":{"name":"(anonymous_9)","decl":{"start":{"line":142,"column":11},"end":{"line":142,"column":21}},"loc":{"start":{"line":142,"column":38},"end":{"line":155,"column":5}}}},"branchMap":{"0":{"loc":{"start":{"line":31,"column":12},"end":{"line":31,"column":62}},"type":"if","locations":[{"start":{"line":31,"column":12},"end":{"line":31,"column":62}},{"start":{},"end":{}}]},"1":{"loc":{"start":{"line":31,"column":16},"end":{"line":31,"column":51}},"type":"binary-expr","locations":[{"start":{"line":31,"column":16},"end":{"line":31,"column":26}},{"start":{"line":31,"column":30},"end":{"line":31,"column":51}}]},"2":{"loc":{"start":{"line":36,"column":12},"end":{"line":39,"column":13}},"type":"if","locations":[{"start":{"line":36,"column":12},"end":{"line":39,"column":13}},{"start":{},"end":{}}]},"3":{"loc":{"start":{"line":45,"column":8},"end":{"line":45,"column":31}},"type":"if","locations":[{"start":{"line":45,"column":8},"end":{"line":45,"column":31}},{"start":{},"end":{}}]},"4":{"loc":{"start":{"line":60,"column":8},"end":{"line":60,"column":60}},"type":"if","locations":[{"start":{"line":60,"column":8},"end":{"line":60,"column":60}},{"start":{},"end":{}}]},"5":{"loc":{"start":{"line":60,"column":12},"end":{"line":60,"column":51}},"type":"binary-expr","locations":[{"start":{"line":60,"column":12},"end":{"line":60,"column":28}},{"start":{"line":60,"column":32},"end":{"line":60,"column":51}}]},"6":{"loc":{"start":{"line":63,"column":8},"end":{"line":63,"column":56}},"type":"if","locations":[{"start":{"line":63,"column":8},"end":{"line":63,"column":56}},{"start":{},"end":{}}]},"7":{"loc":{"start":{"line":63,"column":12},"end":{"line":63,"column":47}},"type":"binary-expr","locations":[{"start":{"line":63,"column":12},"end":{"line":63,"column":22}},{"start":{"line":63,"column":26},"end":{"line":63,"column":47}}]},"8":{"loc":{"start":{"line":72,"column":8},"end":{"line":74,"column":9}},"type":"if","locations":[{"start":{"line":72,"column":8},"end":{"line":74,"column":9}},{"start":{},"end":{}}]},"9":{"loc":{"start":{"line":78,"column":8},"end":{"line":78,"column":60}},"type":"if","locations":[{"start":{"line":78,"column":8},"end":{"line":78,"column":60}},{"start":{},"end":{}}]},"10":{"loc":{"start":{"line":78,"column":12},"end":{"line":78,"column":51}},"type":"binary-expr","locations":[{"start":{"line":78,"column":12},"end":{"line":78,"column":28}},{"start":{"line":78,"column":32},"end":{"line":78,"column":51}}]},"11":{"loc":{"start":{"line":81,"column":8},"end":{"line":81,"column":31}},"type":"if","locations":[{"start":{"line":81,"column":8},"end":{"line":81,"column":31}},{"start":{},"end":{}}]},"12":{"loc":{"start":{"line":95,"column":8},"end":{"line":111,"column":9}},"type":"if","locations":[{"start":{"line":95,"column":8},"end":{"line":111,"column":9}},{"start":{},"end":{}}]},"13":{"loc":{"start":{"line":97,"column":12},"end":{"line":110,"column":13}},"type":"if","locations":[{"start":{"line":97,"column":12},"end":{"line":110,"column":13}},{"start":{},"end":{}}]},"14":{"loc":{"start":{"line":107,"column":16},"end":{"line":109,"column":17}},"type":"if","locations":[{"start":{"line":107,"column":16},"end":{"line":109,"column":17}},{"start":{},"end":{}}]},"15":{"loc":{"start":{"line":124,"column":8},"end":{"line":138,"column":9}},"type":"if","locations":[{"start":{"line":124,"column":8},"end":{"line":138,"column":9}},{"start":{},"end":{}}]},"16":{"loc":{"start":{"line":124,"column":12},"end":{"line":124,"column":45}},"type":"binary-expr","locations":[{"start":{"line":124,"column":12},"end":{"line":124,"column":21}},{"start":{"line":124,"column":25},"end":{"line":124,"column":45}}]},"17":{"loc":{"start":{"line":129,"column":12},"end":{"line":131,"column":13}},"type":"if","locations":[{"start":{"line":129,"column":12},"end":{"line":131,"column":13}},{"start":{},"end":{}}]},"18":{"loc":{"start":{"line":144,"column":8},"end":{"line":154,"column":9}},"type":"if","locations":[{"start":{"line":144,"column":8},"end":{"line":154,"column":9}},{"start":{},"end":{}}]},"19":{"loc":{"start":{"line":144,"column":12},"end":{"line":144,"column":45}},"type":"binary-expr","locations":[{"start":{"line":144,"column":12},"end":{"line":144,"column":21}},{"start":{"line":144,"column":25},"end":{"line":144,"column":45}}]},"20":{"loc":{"start":{"line":151,"column":12},"end":{"line":153,"column":13}},"type":"if","locations":[{"start":{"line":151,"column":12},"end":{"line":153,"column":13}},{"start":{},"end":{}}]}},"s":{"0":2,"1":38,"2":38,"3":38,"4":38,"5":38,"6":38,"7":38,"8":37,"9":37,"10":17,"11":16,"12":1014,"13":1013,"14":1013,"15":0,"16":0,"17":0,"18":0,"19":0,"20":0,"21":0,"22":0,"23":0,"24":0,"25":0,"26":0,"27":0,"28":0,"29":0,"30":1010,"31":1008,"32":2,"33":2,"34":2,"35":0,"36":0,"37":0,"38":0,"39":0,"40":0,"41":0,"42":9,"43":7,"44":2,"45":2,"46":1,"47":1,"48":1,"49":1,"50":1,"51":1,"52":1,"53":1,"54":1,"55":1,"56":1,"57":1,"58":0,"59":1,"60":1,"61":0,"62":0,"63":0,"64":0,"65":0,"66":0,"67":0,"68":0,"69":0,"70":0,"71":0,"72":0,"73":0,"74":0,"75":0,"76":0,"77":2},"f":{"0":38,"1":38,"2":17,"3":0,"4":1010,"5":9,"6":1,"7":1008,"8":0,"9":0},"b":{"0":[1013,0],"1":[1013,1009],"2":[0,0],"3":[0,0],"4":[1008,2],"5":[1010,3],"6":[2,0],"7":[2,1],"8":[0,0],"9":[7,2],"10":[9,3],"11":[1,1],"12":[1,0],"13":[1,0],"14":[0,1],"15":[0,0],"16":[0,0],"17":[0,0],"18":[0,0],"19":[0,0],"20":[0,0]}}
,"D:\\NEU\\Game Engine\\Final Project\\src\\ecs\\systems\\EconomySystem.ts": {"path":"D:\\NEU\\Game Engine\\Final Project\\src\\ecs\\systems\\EconomySystem.ts","statementMap":{"0":{"start":{"line":1,"column":0},"end":{"line":1,"column":42}},"1":{"start":{"line":11,"column":4},"end":{"line":11,"column":12}},"2":{"start":{"line":5,"column":10},"end":{"line":5,"column":82}},"3":{"start":{"line":6,"column":10},"end":{"line":6,"column":74}},"4":{"start":{"line":7,"column":10},"end":{"line":7,"column":80}},"5":{"start":{"line":8,"column":10},"end":{"line":8,"column":35}},"6":{"start":{"line":12,"column":4},"end":{"line":12,"column":20}},"7":{"start":{"line":20,"column":4},"end":{"line":20,"column":21}},"8":{"start":{"line":24,"column":4},"end":{"line":24,"column":24}},"9":{"start":{"line":25,"column":4},"end":{"line":25,"column":63}},"10":{"start":{"line":28,"column":4},"end":{"line":30,"column":5}},"11":{"start":{"line":29,"column":6},"end":{"line":29,"column":43}},"12":{"start":{"line":33,"column":4},"end":{"line":35,"column":5}},"13":{"start":{"line":34,"column":6},"end":{"line":34,"column":52}},"14":{"start":{"line":39,"column":4},"end":{"line":49,"column":5}},"15":{"start":{"line":40,"column":6},"end":{"line":40,"column":26}},"16":{"start":{"line":41,"column":6},"end":{"line":41,"column":66}},"17":{"start":{"line":44,"column":6},"end":{"line":46,"column":7}},"18":{"start":{"line":45,"column":8},"end":{"line":45,"column":45}},"19":{"start":{"line":48,"column":6},"end":{"line":48,"column":18}},"20":{"start":{"line":50,"column":4},"end":{"line":50,"column":17}},"21":{"start":{"line":54,"column":4},"end":{"line":54,"column":31}},"22":{"start":{"line":59,"column":4},"end":{"line":59,"column":41}},"23":{"start":{"line":64,"column":4},"end":{"line":64,"column":44}},"24":{"start":{"line":69,"column":4},"end":{"line":69,"column":29}},"25":{"start":{"line":74,"column":4},"end":{"line":74,"column":27}},"26":{"start":{"line":3,"column":0},"end":{"line":3,"column":13}}},"fnMap":{"0":{"name":"(anonymous_0)","decl":{"start":{"line":10,"column":2},"end":{"line":10,"column":null}},"loc":{"start":{"line":10,"column":2},"end":{"line":13,"column":3}}},"1":{"name":"(anonymous_1)","decl":{"start":{"line":15,"column":9},"end":{"line":15,"column":15}},"loc":{"start":{"line":15,"column":33},"end":{"line":17,"column":3}}},"2":{"name":"(anonymous_2)","decl":{"start":{"line":19,"column":9},"end":{"line":19,"column":16}},"loc":{"start":{"line":19,"column":16},"end":{"line":21,"column":3}}},"3":{"name":"(anonymous_3)","decl":{"start":{"line":23,"column":9},"end":{"line":23,"column":16}},"loc":{"start":{"line":23,"column":58},"end":{"line":36,"column":3}}},"4":{"name":"(anonymous_4)","decl":{"start":{"line":38,"column":9},"end":{"line":38,"column":18}},"loc":{"start":{"line":38,"column":61},"end":{"line":51,"column":3}}},"5":{"name":"(anonymous_5)","decl":{"start":{"line":53,"column":9},"end":{"line":53,"column":30}},"loc":{"start":{"line":53,"column":30},"end":{"line":55,"column":3}}},"6":{"name":"(anonymous_6)","decl":{"start":{"line":56,"column":9},"end":{"line":56,"column":24}},"loc":{"start":{"line":56,"column":60},"end":{"line":60,"column":3}}},"7":{"name":"(anonymous_7)","decl":{"start":{"line":63,"column":9},"end":{"line":63,"column":27}},"loc":{"start":{"line":63,"column":66},"end":{"line":65,"column":3}}},"8":{"name":"(anonymous_8)","decl":{"start":{"line":68,"column":9},"end":{"line":68,"column":18}},"loc":{"start":{"line":68,"column":33},"end":{"line":70,"column":3}}},"9":{"name":"(anonymous_9)","decl":{"start":{"line":73,"column":9},"end":{"line":73,"column":18}},"loc":{"start":{"line":73,"column":18},"end":{"line":75,"column":3}}}},"branchMap":{"0":{"loc":{"start":{"line":23,"column":33},"end":{"line":23,"column":58}},"type":"default-arg","locations":[{"start":{"line":23,"column":50},"end":{"line":23,"column":58}}]},"1":{"loc":{"start":{"line":28,"column":4},"end":{"line":30,"column":5}},"type":"if","locations":[{"start":{"line":28,"column":4},"end":{"line":30,"column":5}},{"start":{},"end":{}}]},"2":{"loc":{"start":{"line":33,"column":4},"end":{"line":35,"column":5}},"type":"if","locations":[{"start":{"line":33,"column":4},"end":{"line":35,"column":5}},{"start":{},"end":{}}]},"3":{"loc":{"start":{"line":33,"column":8},"end":{"line":33,"column":68}},"type":"binary-expr","locations":[{"start":{"line":33,"column":8},"end":{"line":33,"column":36}},{"start":{"line":33,"column":40},"end":{"line":33,"column":68}}]},"4":{"loc":{"start":{"line":38,"column":35},"end":{"line":38,"column":61}},"type":"default-arg","locations":[{"start":{"line":38,"column":52},"end":{"line":38,"column":61}}]},"5":{"loc":{"start":{"line":39,"column":4},"end":{"line":49,"column":5}},"type":"if","locations":[{"start":{"line":39,"column":4},"end":{"line":49,"column":5}},{"start":{},"end":{}}]},"6":{"loc":{"start":{"line":44,"column":6},"end":{"line":46,"column":7}},"type":"if","locations":[{"start":{"line":44,"column":6},"end":{"line":46,"column":7}},{"start":{},"end":{}}]}},"s":{"0":3,"1":24,"2":24,"3":24,"4":24,"5":24,"6":24,"7":14,"8":15,"9":15,"10":15,"11":1,"12":15,"13":2,"14":10,"15":7,"16":7,"17":7,"18":1,"19":7,"20":3,"21":4,"22":3,"23":3,"24":4,"25":2,"26":3},"f":{"0":24,"1":103,"2":14,"3":15,"4":10,"5":4,"6":3,"7":3,"8":4,"9":2},"b":{"0":[0],"1":[1,14],"2":[2,13],"3":[15,12],"4":[0],"5":[7,3],"6":[1,6]}}
,"D:\\NEU\\Game Engine\\Final Project\\src\\ecs\\systems\\ExpiredEntitySystem.ts": {"path":"D:\\NEU\\Game Engine\\Final Project\\src\\ecs\\systems\\ExpiredEntitySystem.ts","statementMap":{"0":{"start":{"line":1,"column":0},"end":{"line":1,"column":41}},"1":{"start":{"line":9,"column":4},"end":{"line":9,"column":12}},"2":{"start":{"line":8,"column":22},"end":{"line":8,"column":50}},"3":{"start":{"line":6,"column":10},"end":{"line":6,"column":35}},"4":{"start":{"line":14,"column":4},"end":{"line":14,"column":37}},"5":{"start":{"line":18,"column":21},"end":{"line":18,"column":75}},"6":{"start":{"line":20,"column":4},"end":{"line":35,"column":5}},"7":{"start":{"line":21,"column":22},"end":{"line":21,"column":86}},"8":{"start":{"line":22,"column":6},"end":{"line":22,"column":29}},"9":{"start":{"line":22,"column":20},"end":{"line":22,"column":29}},"10":{"start":{"line":24,"column":6},"end":{"line":24,"column":37}},"11":{"start":{"line":26,"column":6},"end":{"line":34,"column":7}},"12":{"start":{"line":27,"column":8},"end":{"line":33,"column":9}},"13":{"start":{"line":28,"column":10},"end":{"line":30,"column":13}},"14":{"start":{"line":29,"column":12},"end":{"line":29,"column":48}},"15":{"start":{"line":32,"column":10},"end":{"line":32,"column":46}},"16":{"start":{"line":5,"column":0},"end":{"line":5,"column":13}}},"fnMap":{"0":{"name":"(anonymous_0)","decl":{"start":{"line":8,"column":2},"end":{"line":8,"column":22}},"loc":{"start":{"line":8,"column":50},"end":{"line":10,"column":3}}},"1":{"name":"(anonymous_1)","decl":{"start":{"line":13,"column":2},"end":{"line":13,"column":17}},"loc":{"start":{"line":13,"column":35},"end":{"line":15,"column":3}}},"2":{"name":"(anonymous_2)","decl":{"start":{"line":17,"column":2},"end":{"line":17,"column":8}},"loc":{"start":{"line":17,"column":22},"end":{"line":36,"column":3}}},"3":{"name":"(anonymous_3)","decl":{"start":{"line":28,"column":48},"end":{"line":28,"column":51}},"loc":{"start":{"line":28,"column":53},"end":{"line":30,"column":11}}}},"branchMap":{"0":{"loc":{"start":{"line":22,"column":6},"end":{"line":22,"column":29}},"type":"if","locations":[{"start":{"line":22,"column":6},"end":{"line":22,"column":29}},{"start":{},"end":{}}]},"1":{"loc":{"start":{"line":26,"column":6},"end":{"line":34,"column":7}},"type":"if","locations":[{"start":{"line":26,"column":6},"end":{"line":34,"column":7}},{"start":{},"end":{}}]},"2":{"loc":{"start":{"line":27,"column":8},"end":{"line":33,"column":9}},"type":"if","locations":[{"start":{"line":27,"column":8},"end":{"line":33,"column":9}},{"start":{"line":31,"column":15},"end":{"line":33,"column":9}}]},"3":{"loc":{"start":{"line":27,"column":12},"end":{"line":27,"column":66}},"type":"binary-expr","locations":[{"start":{"line":27,"column":12},"end":{"line":27,"column":29}},{"start":{"line":27,"column":33},"end":{"line":27,"column":66}}]}},"s":{"0":2,"1":40,"2":40,"3":40,"4":14,"5":1134,"6":1133,"7":2239,"8":2238,"9":2,"10":2236,"11":2236,"12":221,"13":6,"14":2,"15":215,"16":2},"f":{"0":40,"1":14,"2":1134,"3":2},"b":{"0":[2,2236],"1":[221,2015],"2":[6,215],"3":[221,8]}}
,"D:\\NEU\\Game Engine\\Final Project\\src\\ecs\\systems\\GameStateSystem.ts": {"path":"D:\\NEU\\Game Engine\\Final Project\\src\\ecs\\systems\\GameStateSystem.ts","statementMap":{"0":{"start":{"line":1,"column":0},"end":{"line":1,"column":42}},"1":{"start":{"line":3,"column":0},"end":{"line":3,"column":null}},"2":{"start":{"line":4,"column":4},"end":{"line":4,"column":null}},"3":{"start":{"line":5,"column":4},"end":{"line":5,"column":null}},"4":{"start":{"line":6,"column":4},"end":{"line":6,"column":null}},"5":{"start":{"line":7,"column":4},"end":{"line":7,"column":null}},"6":{"start":{"line":15,"column":8},"end":{"line":15,"column":16}},"7":{"start":{"line":11,"column":12},"end":{"line":11,"column":53}},"8":{"start":{"line":12,"column":12},"end":{"line":12,"column":51}},"9":{"start":{"line":22,"column":8},"end":{"line":22,"column":33}},"10":{"start":{"line":26,"column":8},"end":{"line":26,"column":47}},"11":{"start":{"line":27,"column":8},"end":{"line":27,"column":37}},"12":{"start":{"line":31,"column":8},"end":{"line":31,"column":34}},"13":{"start":{"line":35,"column":8},"end":{"line":35,"column":43}},"14":{"start":{"line":39,"column":8},"end":{"line":39,"column":20}},"15":{"start":{"line":10,"column":0},"end":{"line":10,"column":21}}},"fnMap":{"0":{"name":"(anonymous_0)","decl":{"start":{"line":3,"column":0},"end":{"line":3,"column":12}},"loc":{"start":{"line":3,"column":21},"end":{"line":8,"column":1}}},"1":{"name":"(anonymous_1)","decl":{"start":{"line":14,"column":4},"end":{"line":14,"column":null}},"loc":{"start":{"line":14,"column":4},"end":{"line":16,"column":5}}},"2":{"name":"(anonymous_2)","decl":{"start":{"line":18,"column":4},"end":{"line":18,"column":10}},"loc":{"start":{"line":18,"column":28},"end":{"line":19,"column":5}}},"3":{"name":"(anonymous_3)","decl":{"start":{"line":21,"column":4},"end":{"line":21,"column":19}},"loc":{"start":{"line":21,"column":19},"end":{"line":23,"column":5}}},"4":{"name":"(anonymous_4)","decl":{"start":{"line":25,"column":4},"end":{"line":25,"column":12}},"loc":{"start":{"line":25,"column":32},"end":{"line":28,"column":5}}},"5":{"name":"(anonymous_5)","decl":{"start":{"line":30,"column":4},"end":{"line":30,"column":20}},"loc":{"start":{"line":30,"column":20},"end":{"line":32,"column":5}}},"6":{"name":"(anonymous_6)","decl":{"start":{"line":34,"column":4},"end":{"line":34,"column":13}},"loc":{"start":{"line":34,"column":30},"end":{"line":36,"column":5}}},"7":{"name":"(anonymous_7)","decl":{"start":{"line":38,"column":4},"end":{"line":38,"column":19}},"loc":{"start":{"line":38,"column":39},"end":{"line":40,"column":5}}}},"branchMap":{"0":{"loc":{"start":{"line":3,"column":12},"end":{"line":3,"column":null}},"type":"binary-expr","locations":[{"start":{"line":3,"column":12},"end":{"line":3,"column":21}},{"start":{"line":3,"column":21},"end":{"line":3,"column":null}}]}},"s":{"0":1,"1":1,"2":1,"3":1,"4":1,"5":1,"6":35,"7":35,"8":35,"9":1143,"10":12059,"11":12059,"12":1015,"13":11056,"14":11064,"15":1},"f":{"0":1,"1":35,"2":11112,"3":1143,"4":12059,"5":1015,"6":11056,"7":11064},"b":{"0":[1,1]}}
,"D:\\NEU\\Game Engine\\Final Project\\src\\ecs\\systems\\InputSystem.ts": {"path":"D:\\NEU\\Game Engine\\Final Project\\src\\ecs\\systems\\InputSystem.ts","statementMap":{"0":{"start":{"line":1,"column":0},"end":{"line":1,"column":42}},"1":{"start":{"line":11,"column":8},"end":{"line":11,"column":16}},"2":{"start":{"line":12,"column":8},"end":{"line":12,"column":27}},"3":{"start":{"line":13,"column":8},"end":{"line":13,"column":47}},"4":{"start":{"line":14,"column":8},"end":{"line":14,"column":47}},"5":{"start":{"line":15,"column":8},"end":{"line":15,"column":43}},"6":{"start":{"line":23,"column":8},"end":{"line":27,"column":15}},"7":{"start":{"line":25,"column":16},"end":{"line":25,"column":57}},"8":{"start":{"line":26,"column":16},"end":{"line":26,"column":60}},"9":{"start":{"line":31,"column":8},"end":{"line":41,"column":15}},"10":{"start":{"line":33,"column":16},"end":{"line":40,"column":17}},"11":{"start":{"line":34,"column":20},"end":{"line":34,"column":55}},"12":{"start":{"line":35,"column":20},"end":{"line":35,"column":82}},"13":{"start":{"line":36,"column":20},"end":{"line":36,"column":60}},"14":{"start":{"line":37,"column":20},"end":{"line":37,"column":89}},"15":{"start":{"line":39,"column":20},"end":{"line":39,"column":105}},"16":{"start":{"line":45,"column":8},"end":{"line":45,"column":18}},"17":{"start":{"line":4,"column":0},"end":{"line":4,"column":21}}},"fnMap":{"0":{"name":"(anonymous_0)","decl":{"start":{"line":10,"column":4},"end":{"line":10,"column":16}},"loc":{"start":{"line":10,"column":99},"end":{"line":16,"column":5}}},"1":{"name":"(anonymous_1)","decl":{"start":{"line":18,"column":4},"end":{"line":18,"column":10}},"loc":{"start":{"line":18,"column":28},"end":{"line":20,"column":5}}},"2":{"name":"(anonymous_2)","decl":{"start":{"line":22,"column":4},"end":{"line":22,"column":18}},"loc":{"start":{"line":22,"column":68},"end":{"line":28,"column":5}}},"3":{"name":"(anonymous_3)","decl":{"start":{"line":24,"column":31},"end":{"line":24,"column":34}},"loc":{"start":{"line":24,"column":36},"end":{"line":27,"column":13}}},"4":{"name":"(anonymous_4)","decl":{"start":{"line":30,"column":4},"end":{"line":30,"column":20}},"loc":{"start":{"line":30,"column":70},"end":{"line":42,"column":5}}},"5":{"name":"(anonymous_5)","decl":{"start":{"line":32,"column":31},"end":{"line":32,"column":34}},"loc":{"start":{"line":32,"column":36},"end":{"line":41,"column":13}}},"6":{"name":"(anonymous_6)","decl":{"start":{"line":44,"column":12},"end":{"line":44,"column":26}},"loc":{"start":{"line":44,"column":26},"end":{"line":46,"column":5}}}},"branchMap":{"0":{"loc":{"start":{"line":33,"column":16},"end":{"line":40,"column":17}},"type":"if","locations":[{"start":{"line":33,"column":16},"end":{"line":40,"column":17}},{"start":{"line":38,"column":23},"end":{"line":40,"column":17}}]}},"s":{"0":1,"1":48,"2":48,"3":48,"4":48,"5":48,"6":1121,"7":1013,"8":1010,"9":18,"10":16,"11":12,"12":12,"13":11,"14":11,"15":3,"16":15,"17":1},"f":{"0":48,"1":1107,"2":1121,"3":1013,"4":18,"5":16,"6":15},"b":{"0":[12,3]}}
,"D:\\NEU\\Game Engine\\Final Project\\src\\ecs\\systems\\InventorySystem.ts": {"path":"D:\\NEU\\Game Engine\\Final Project\\src\\ecs\\systems\\InventorySystem.ts","statementMap":{"0":{"start":{"line":1,"column":0},"end":{"line":1,"column":42}},"1":{"start":{"line":9,"column":8},"end":{"line":9,"column":16}},"2":{"start":{"line":10,"column":8},"end":{"line":10,"column":28}},"3":{"start":{"line":11,"column":8},"end":{"line":11,"column":27}},"4":{"start":{"line":18,"column":8},"end":{"line":22,"column":9}},"5":{"start":{"line":19,"column":12},"end":{"line":19,"column":43}},"6":{"start":{"line":21,"column":12},"end":{"line":21,"column":42}},"7":{"start":{"line":26,"column":24},"end":{"line":26,"column":47}},"8":{"start":{"line":27,"column":8},"end":{"line":27,"column":45}},"9":{"start":{"line":27,"column":32},"end":{"line":27,"column":45}},"10":{"start":{"line":28,"column":8},"end":{"line":28,"column":48}},"11":{"start":{"line":29,"column":8},"end":{"line":29,"column":20}},"12":{"start":{"line":33,"column":8},"end":{"line":33,"column":39}},"13":{"start":{"line":37,"column":8},"end":{"line":37,"column":37}},"14":{"start":{"line":41,"column":8},"end":{"line":41,"column":36}},"15":{"start":{"line":45,"column":8},"end":{"line":45,"column":68}},"16":{"start":{"line":49,"column":8},"end":{"line":49,"column":40}},"17":{"start":{"line":53,"column":24},"end":{"line":53,"column":55}},"18":{"start":{"line":54,"column":8},"end":{"line":57,"column":9}},"19":{"start":{"line":55,"column":12},"end":{"line":55,"column":60}},"20":{"start":{"line":56,"column":12},"end":{"line":56,"column":24}},"21":{"start":{"line":58,"column":8},"end":{"line":58,"column":21}},"22":{"start":{"line":4,"column":0},"end":{"line":4,"column":21}}},"fnMap":{"0":{"name":"(anonymous_0)","decl":{"start":{"line":8,"column":4},"end":{"line":8,"column":null}},"loc":{"start":{"line":8,"column":4},"end":{"line":12,"column":5}}},"1":{"name":"(anonymous_1)","decl":{"start":{"line":14,"column":4},"end":{"line":14,"column":10}},"loc":{"start":{"line":14,"column":28},"end":{"line":15,"column":5}}},"2":{"name":"(anonymous_2)","decl":{"start":{"line":17,"column":4},"end":{"line":17,"column":11}},"loc":{"start":{"line":17,"column":44},"end":{"line":23,"column":5}}},"3":{"name":"(anonymous_3)","decl":{"start":{"line":25,"column":4},"end":{"line":25,"column":14}},"loc":{"start":{"line":25,"column":47},"end":{"line":30,"column":5}}},"4":{"name":"(anonymous_4)","decl":{"start":{"line":32,"column":4},"end":{"line":32,"column":15}},"loc":{"start":{"line":32,"column":26},"end":{"line":34,"column":5}}},"5":{"name":"(anonymous_5)","decl":{"start":{"line":36,"column":4},"end":{"line":36,"column":16}},"loc":{"start":{"line":36,"column":16},"end":{"line":38,"column":5}}},"6":{"name":"(anonymous_6)","decl":{"start":{"line":40,"column":4},"end":{"line":40,"column":15}},"loc":{"start":{"line":40,"column":15},"end":{"line":42,"column":5}}},"7":{"name":"(anonymous_7)","decl":{"start":{"line":44,"column":4},"end":{"line":44,"column":14}},"loc":{"start":{"line":44,"column":49},"end":{"line":46,"column":5}}},"8":{"name":"(anonymous_8)","decl":{"start":{"line":48,"column":4},"end":{"line":48,"column":22}},"loc":{"start":{"line":48,"column":35},"end":{"line":50,"column":5}}},"9":{"name":"(anonymous_9)","decl":{"start":{"line":52,"column":4},"end":{"line":52,"column":17}},"loc":{"start":{"line":52,"column":55},"end":{"line":59,"column":5}}}},"branchMap":{"0":{"loc":{"start":{"line":17,"column":24},"end":{"line":17,"column":44}},"type":"default-arg","locations":[{"start":{"line":17,"column":43},"end":{"line":17,"column":44}}]},"1":{"loc":{"start":{"line":18,"column":8},"end":{"line":22,"column":9}},"type":"if","locations":[{"start":{"line":18,"column":8},"end":{"line":22,"column":9}},{"start":{"line":20,"column":15},"end":{"line":22,"column":9}}]},"2":{"loc":{"start":{"line":25,"column":27},"end":{"line":25,"column":47}},"type":"default-arg","locations":[{"start":{"line":25,"column":46},"end":{"line":25,"column":47}}]},"3":{"loc":{"start":{"line":26,"column":24},"end":{"line":26,"column":47}},"type":"binary-expr","locations":[{"start":{"line":26,"column":24},"end":{"line":26,"column":42}},{"start":{"line":26,"column":46},"end":{"line":26,"column":47}}]},"4":{"loc":{"start":{"line":27,"column":8},"end":{"line":27,"column":45}},"type":"if","locations":[{"start":{"line":27,"column":8},"end":{"line":27,"column":45}},{"start":{},"end":{}}]},"5":{"loc":{"start":{"line":33,"column":15},"end":{"line":33,"column":38}},"type":"binary-expr","locations":[{"start":{"line":33,"column":15},"end":{"line":33,"column":33}},{"start":{"line":33,"column":37},"end":{"line":33,"column":38}}]},"6":{"loc":{"start":{"line":44,"column":29},"end":{"line":44,"column":49}},"type":"default-arg","locations":[{"start":{"line":44,"column":48},"end":{"line":44,"column":49}}]},"7":{"loc":{"start":{"line":45,"column":3
[...]
line":558,"column":23}},"189":{"start":{"line":559,"column":14},"end":{"line":559,"column":29}},"190":{"start":{"line":561,"column":28},"end":{"line":561,"column":64}},"191":{"start":{"line":562,"column":26},"end":{"line":565,"column":42}},"192":{"start":{"line":568,"column":19},"end":{"line":571,"column":6}},"193":{"start":{"line":573,"column":4},"end":{"line":580,"column":7}},"194":{"start":{"line":582,"column":4},"end":{"line":582,"column":53}},"195":{"start":{"line":586,"column":4},"end":{"line":586,"column":35}},"196":{"start":{"line":586,"column":28},"end":{"line":586,"column":35}},"197":{"start":{"line":587,"column":4},"end":{"line":587,"column":30}},"198":{"start":{"line":589,"column":4},"end":{"line":589,"column":36}},"199":{"start":{"line":591,"column":4},"end":{"line":591,"column":23}},"200":{"start":{"line":593,"column":20},"end":{"line":600,"column":20}},"201":{"start":{"line":602,"column":23},"end":{"line":602,"column":26}},"202":{"start":{"line":603,"column":24},"end":{"line":603,"column":27}},"203":{"start":{"line":604,"column":18},"end":{"line":611,"column":48}},"204":{"start":{"line":613,"column":22},"end":{"line":623,"column":35}},"205":{"start":{"line":625,"column":28},"end":{"line":634,"column":35}},"206":{"start":{"line":636,"column":26},"end":{"line":647,"column":35}},"207":{"start":{"line":649,"column":4},"end":{"line":656,"column":7}},"208":{"start":{"line":660,"column":25},"end":{"line":667,"column":20}},"209":{"start":{"line":669,"column":22},"end":{"line":679,"column":35}},"210":{"start":{"line":681,"column":28},"end":{"line":697,"column":35}},"211":{"start":{"line":699,"column":24},"end":{"line":719,"column":6}},"212":{"start":{"line":709,"column":6},"end":{"line":709,"column":44}},"213":{"start":{"line":710,"column":6},"end":{"line":710,"column":42}},"214":{"start":{"line":713,"column":6},"end":{"line":713,"column":46}},"215":{"start":{"line":714,"column":6},"end":{"line":714,"column":42}},"216":{"start":{"line":717,"column":6},"end":{"line":717,"column":40}},"217":{"start":{"line":718,"column":6},"end":{"line":718,"column":95}},"218":{"start":{"line":721,"column":28},"end":{"line":731,"column":35}},"219":{"start":{"line":733,"column":4},"end":{"line":740,"column":7}},"220":{"start":{"line":742,"column":4},"end":{"line":750,"column":7}},"221":{"start":{"line":754,"column":4},"end":{"line":754,"column":43}},"222":{"start":{"line":756,"column":4},"end":{"line":760,"column":7}},"223":{"start":{"line":757,"column":6},"end":{"line":759,"column":7}},"224":{"start":{"line":758,"column":8},"end":{"line":758,"column":26}},"225":{"start":{"line":764,"column":4},"end":{"line":764,"column":31}},"226":{"start":{"line":766,"column":4},"end":{"line":770,"column":7}},"227":{"start":{"line":767,"column":6},"end":{"line":769,"column":7}},"228":{"start":{"line":768,"column":8},"end":{"line":768,"column":26}},"229":{"start":{"line":771,"column":4},"end":{"line":771,"column":30}},"230":{"start":{"line":773,"column":4},"end":{"line":773,"column":34}},"231":{"start":{"line":775,"column":4},"end":{"line":775,"column":25}},"232":{"start":{"line":779,"column":4},"end":{"line":779,"column":35}},"233":{"start":{"line":18,"column":0},"end":{"line":18,"column":21}}},"fnMap":{"0":{"name":"(anonymous_1)","decl":{"start":{"line":31,"column":2},"end":{"line":31,"column":null}},"loc":{"start":{"line":31,"column":2},"end":{"line":33,"column":3}}},"1":{"name":"(anonymous_2)","decl":{"start":{"line":35,"column":2},"end":{"line":35,"column":9}},"loc":{"start":{"line":35,"column":9},"end":{"line":55,"column":3}}},"2":{"name":"(anonymous_3)","decl":{"start":{"line":48,"column":24},"end":{"line":48,"column":25}},"loc":{"start":{"line":48,"column":45},"end":{"line":50,"column":7}}},"3":{"name":"(anonymous_4)","decl":{"start":{"line":57,"column":2},"end":{"line":57,"column":8}},"loc":{"start":{"line":57,"column":8},"end":{"line":137,"column":3}}},"4":{"name":"(anonymous_5)","decl":{"start":{"line":86,"column":42},"end":{"line":86,"column":43}},"loc":{"start":{"line":86,"column":54},"end":{"line":86,"column":84}}},"5":{"name":"(anonymous_6)","decl":{"start":{"line":146,"column":10},"end":{"line":146,"column":24}},"loc":{"start":{"line":146,"column":24},"end":{"line":164,"column":3}}},"6":{"name":"(anonymous_7)","decl":{"start":{"line":170,"column":10},"end":{"line":170,"column":36}},"loc":{"start":{"line":170,"column":36},"end":{"line":199,"column":3}}},"7":{"name":"(anonymous_8)","decl":{"start":{"line":175,"column":24},"end":{"line":175,"column":25}},"loc":{"start":{"line":175,"column":60},"end":{"line":198,"column":5}}},"8":{"name":"(anonymous_9)","decl":{"start":{"line":183,"column":27},"end":{"line":183,"column":30}},"loc":{"start":{"line":183,"column":33},"end":{"line":183,"column":61}}},"9":{"name":"(anonymous_10)","decl":{"start":{"line":184,"column":27},"end":{"line":184,"column":30}},"loc":{"start":{"line":184,"column":33},"end":{"line":184,"column":62}}},"10":{"name":"(anonymous_11)","decl":{"start":{"line":185,"column":26},"end":{"line":185,"column":29}},"loc":{"start":{"line":185,"column":32},"end":{"line":185,"column":62}}},"11":{"name":"(anonymous_12)","decl":{"start":{"line":205,"column":10},"end":{"line":205,"column":27}},"loc":{"start":{"line":205,"column":50},"end":{"line":231,"column":3}}},"12":{"name":"(anonymous_13)","decl":{"start":{"line":237,"column":10},"end":{"line":237,"column":28}},"loc":{"start":{"line":237,"column":51},"end":{"line":253,"column":3}}},"13":{"name":"(anonymous_14)","decl":{"start":{"line":249,"column":63},"end":{"line":249,"column":66}},"loc":{"start":{"line":249,"column":68},"end":{"line":252,"column":5}}},"14":{"name":"(anonymous_15)","decl":{"start":{"line":259,"column":10},"end":{"line":259,"column":33}},"loc":{"start":{"line":259,"column":56},"end":{"line":271,"column":3}}},"15":{"name":"(anonymous_16)","decl":{"start":{"line":263,"column":76},"end":{"line":263,"column":77}},"loc":{"start":{"line":263,"column":90},"end":{"line":263,"column":99}}},"16":{"name":"(anonymous_17)","decl":{"start":{"line":277,"column":10},"end":{"line":277,"column":34}},"loc":{"start":{"line":277,"column":34},"end":{"line":292,"column":3}}},"17":{"name":"(anonymous_18)","decl":{"start":{"line":298,"column":10},"end":{"line":298,"column":24}},"loc":{"start":{"line":298,"column":24},"end":{"line":301,"column":3}}},"18":{"name":"(anonymous_19)","decl":{"start":{"line":300,"column":24},"end":{"line":300,"column":30}},"loc":{"start":{"line":300,"column":34},"end":{"line":300,"column":60}}},"19":{"name":"(anonymous_20)","decl":{"start":{"line":307,"column":10},"end":{"line":307,"column":32}},"loc":{"start":{"line":307,"column":32},"end":{"line":323,"column":3}}},"20":{"name":"(anonymous_21)","decl":{"start":{"line":330,"column":10},"end":{"line":330,"column":23}},"loc":{"start":{"line":330,"column":38},"end":{"line":335,"column":3}}},"21":{"name":"(anonymous_22)","decl":{"start":{"line":332,"column":6},"end":{"line":332,"column":7}},"loc":{"start":{"line":333,"column":8},"end":{"line":333,"column":68}}},"22":{"name":"(anonymous_23)","decl":{"start":{"line":342,"column":10},"end":{"line":342,"column":21}},"loc":{"start":{"line":342,"column":36},"end":{"line":372,"column":3}}},"23":{"name":"(anonymous_24)","decl":{"start":{"line":346,"column":47},"end":{"line":346,"column":48}},"loc":{"start":{"line":346,"column":71},"end":{"line":351,"column":5}}},"24":{"name":"(anonymous_25)","decl":{"start":{"line":374,"column":10},"end":{"line":374,"column":28}},"loc":{"start":{"line":374,"column":49},"end":{"line":377,"column":3}}},"25":{"name":"(anonymous_26)","decl":{"start":{"line":376,"column":33},"end":{"line":376,"column":36}},"loc":{"start":{"line":376,"column":40},"end":{"line":376,"column":63}}},"26":{"name":"(anonymous_27)","decl":{"start":{"line":379,"column":10},"end":{"line":379,"column":28}},"loc":{"start":{"line":379,"column":48},"end":{"line":387,"column":3}}},"27":{"name":"(anonymous_28)","decl":{"start":{"line":389,"column":10},"end":{"line":389,"column":30}},"loc":{"start":{"line":389,"column":30},"end":{"line":424,"column":3}}},"28":{"name":"(anonymous_29)","decl":{"start":{"line":398,"column":20},"end":{"line":398,"column":21}},"loc":{"start":{"line":398,"column":54},"end":{"line":423,"column":5}}},"29":{"name":"(anonymous_30)","decl":{"start":{"line":407,"column":15},"end":{"line":407,"column":16}},"loc":{"start":{"line":407,"column":29},"end":{"line":410,"column":11}}},"30":{"name":"(anonymous_31)","decl":{"start":{"line":430,"column":2},"end":{"line":430,"column":20}},"loc":{"start":{"line":430,"column":20},"end":{"line":433,"column":3}}},"31":{"name":"(anonymous_32)","decl":{"start":{"line":440,"column":10},"end":{"line":440,"column":25}},"loc":{"start":{"line":440,"column":93},"end":{"line":501,"column":3}}},"32":{"name":"(anonymous_33)","decl":{"start":{"line":484,"column":22},"end":{"line":484,"column":25}},"loc":{"start":{"line":484,"column":27},"end":{"line":498,"column":11}}},"33":{"name":"(anonymous_34)","decl":{"start":{"line":485,"column":40},"end":{"line":485,"column":43}},"loc":{"start":{"line":485,"column":45},"end":{"line":497,"column":13}}},"34":{"name":"(anonymous_35)","decl":{"start":{"line":490,"column":28},"end":{"line":490,"column":31}},"loc":{"start":{"line":490,"column":33},"end":{"line":495,"column":17}}},"35":{"name":"(anonymous_36)","decl":{"start":{"line":506,"column":10},"end":{"line":506,"column":34}},"loc":{"start":{"line":506,"column":34},"end":{"line":524,"column":3}}},"36":{"name":"(anonymous_37)","decl":{"start":{"line":530,"column":10},"end":{"line":530,"column":32}},"loc":{"start":{"line":530,"column":52},"end":{"line":583,"column":3}}},"37":{"name":"(anonymous_38)","decl":{"start":{"line":536,"column":55},"end":{"line":536,"column":60}},"loc":{"start":{"line":537,"column":6},"end":{"line":537,"column":67}}},"38":{"name":"(anonymous_39)","decl":{"start":{"line":540,"column":29},"end":{"line":540,"column":36}},"loc":{"start":{"line":540,"column":39},"end":{"line":544,"column":5}}},"39":{"name":"(anonymous_40)","decl":{"start":{"line":547,"column":24},"end":{"line":547,"column":25}},"loc":{"start":{"line":547,"column":45},"end":{"line":551,"column":5}}},"40":{"name":"(anonymous_41)","decl":{"start":{"line":585,"column":10},"end":{"line":585,"column":27}},"loc":{"start":{"line":585,"column":46},"end":{"line":657,"column":3}}},"41":{"name":"(anonymous_42)","decl":{"start":{"line":659,"column":10},"end":{"line":659,"column":27}},"loc":{"start":{"line":659,"column":27},"end":{"line":751,"column":3}}},"42":{"name":"(anonymous_43)","decl":{"start":{"line":708,"column":23},"end":{"line":708,"column":26}},"loc":{"start":{"line":708,"column":28},"end":{"line":711,"column":5}}},"43":{"name":"(anonymous_44)","decl":{"start":{"line":712,"column":22},"end":{"line":712,"column":25}},"loc":{"start":{"line":712,"column":27},"end":{"line":715,"column":5}}},"44":{"name":"(anonymous_45)","decl":{"start":{"line":716,"column":23},"end":{"line":716,"column":26}},"loc":{"start":{"line":716,"column":28},"end":{"line":719,"column":5}}},"45":{"name":"(anonymous_46)","decl":{"start":{"line":753,"column":10},"end":{"line":753,"column":19}},"loc":{"start":{"line":753,"column":68},"end":{"line":761,"column":3}}},"46":{"name":"(anonymous_47)","decl":{"start":{"line":756,"column":28},"end":{"line":756,"column":35}},"loc":{"start":{"line":756,"column":38},"end":{"line":760,"column":5}}},"47":{"name":"(anonymous_48)","decl":{"start":{"line":763,"column":10},"end":{"line":763,"column":21}},"loc":{"start":{"line":763,"column":21},"end":{"line":776,"column":3}}},"48":{"name":"(anonymous_49)","decl":{"start":{"line":766,"column":48},"end":{"line":766,"column":55}},"loc":{"start":{"line":766,"column":58},"end":{"line":770,"column":5}}},"49":{"name":"(anonymous_50)","decl":{"start":{"line":778,"column":2},"end":{"line":778,"column":8}},"loc":{"start":{"line":778,"column":36},"end":{"line":780,"column":3}}}},"branchMap":{"0":{"loc":{"start":{"line":210,"column":4},"end":{"line":214,"column":5}},"type":"if","locations":[{"start":{"line":210,"column":4},"end":{"line":214,"column":5}},{"start":{},"end":{}}]},"1":{"loc":{"start":{"line":261,"column":47},"end":{"line":261,"column":91}},"type":"binary-expr","locations":[{"start":{"line":261,"column":47},"end":{"line":261,"column":86}},{"start":{"line":261,"column":90},"end":{"line":261,"column":91}}]},"2":{"loc":{"start":{"line":265,"column":4},"end":{"line":270,"column":5}},"type":"if","locations":[{"start":{"line":265,"column":4},"end":{"line":270,"column":5}},{"start":{"line":267,"column":11},"end":{"line":270,"column":5}}]},"3":{"loc":{"start":{"line":267,"column":11},"end":{"line":270,"column":5}},"type":"if","locations":[{"start":{"line":267,"column":11},"end":{"line":270,"column":5}},{"start":{},"end":{}}]},"4":{"loc":{"start":{"line":269,"column":63},"end":{"line":269,"column":92}},"type":"cond-expr","locations":[{"start":{"line":269,"column":84},"end":{"line":269,"column":87}},{"start":{"line":269,"column":90},"end":{"line":269,"column":92}}]},"5":{"loc":{"start":{"line":282,"column":6},"end":{"line":285,"column":7}},"type":"if","locations":[{"start":{"line":282,"column":6},"end":{"line":285,"column":7}},{"start":{},"end":{}}]},"6":{"loc":{"start":{"line":289,"column":4},"end":{"line":291,"column":5}},"type":"if","locations":[{"start":{"line":289,"column":4},"end":{"line":291,"column":5}},{"start":{},"end":{}}]},"7":{"loc":{"start":{"line":333,"column":9},"end":{"line":333,"column":52}},"type":"binary-expr","locations":[{"start":{"line":333,"column":9},"end":{"line":333,"column":47}},{"start":{"line":333,"column":51},"end":{"line":333,"column":52}}]},"8":{"loc":{"start":{"line":348,"column":6},"end":{"line":350,"column":7}},"type":"if","locations":[{"start":{"line":348,"column":6},"end":{"line":350,"column":7}},{"start":{},"end":{}}]},"9":{"loc":{"start":{"line":386,"column":11},"end":{"line":386,"column":58}},"type":"binary-expr","locations":[{"start":{"line":386,"column":11},"end":{"line":386,"column":39}},{"start":{"line":386,"column":43},"end":{"line":386,"column":58}}]},"10":{"loc":{"start":{"line":409,"column":22},"end":{"line":409,"column":38}},"type":"cond-expr","locations":[{"start":{"line":409,"column":32},"end":{"line":409,"column":34}},{"start":{"line":409,"column":22},"end":{"line":409,"column":38}}]},"11":{"loc":{"start":{"line":409,"column":22},"end":{"line":409,"column":34}},"type":"binary-expr","locations":[{"start":{"line":409,"column":22},"end":{"line":409,"column":34}},{"start":{"line":409,"column":22},"end":{"line":409,"column":34}}]},"12":{"loc":{"start":{"line":440,"column":40},"end":{"line":440,"column":93}},"type":"default-arg","locations":[{"start":{"line":440,"column":84},"end":{"line":440,"column":93}}]},"13":{"loc":{"start":{"line":443,"column":4},"end":{"line":500,"column":5}},"type":"if","locations":[{"start":{"line":443,"column":4},"end":{"line":500,"column":5}},{"start":{"line":445,"column":11},"end":{"line":500,"column":5}}]},"14":{"loc":{"start":{"line":443,"column":8},"end":{"line":443,"column":53}},"type":"binary-expr","locations":[{"start":{"line":443,"column":8},"end":{"line":443,"column":20}},{"start":{"line":443,"column":24},"end":{"line":443,"column":53}}]},"15":{"loc":{"start":{"line":447,"column":6},"end":{"line":450,"column":7}},"type":"if","locations":[{"start":{"line":447,"column":6},"end":{"line":450,"column":7}},{"start":{},"end":{}}]},"16":{"loc":{"start":{"line":492,"column":18},"end":{"line":494,"column":19}},"type":"if","locations":[{"start":{"line":492,"column":18},"end":{"line":494,"column":19}},{"start":{},"end":{}}]},"17":{"loc":{"start":{"line":533,"column":4},"end":{"line":533,"column":30}},"type":"if","locations":[{"start":{"line":533,"column":4},"end":{"line":533,"column":30}},{"start":{},"end":{}}]},"18":{"loc":{"start":{"line":537,"column":6},"end":{"line":537,"column":67}},"type":"binary-expr","locations":[{"start":{"line":537,"column":6},"end":{"line":537,"column":19}},{"start":{"line":537,"column":23},"end":{"line":537,"column":67}}]},"19":{"loc":{"start":{"line":542,"column":6},"end":{"line":542,"column":31}},"type":"if","locations":[{"start":{"line":542,"column":6},"end":{"line":542,"column":31}},{"start":{},"end":{}}]},"20":{"loc":{"start":{"line":548,"column":6},"end":{"line":550,"column":7}},"type":"if","locations":[{"start":{"line":548,"column":6},"end":{"line":550,"column":7}},{"start":{},"end":{}}]},"21":{"loc":{"start":{"line":586,"column":4},"end":{"line":586,"column":35}},"type":"if","locations":[{"start":{"line":586,"column":4},"end":{"line":586,"column":35}},{"start":{},"end":{}}]},"22":{"loc":{"start":{"line":757,"column":6},"end":{"line":759,"column":7}},"type":"if","locations":[{"start":{"line":757,"column":6},"end":{"line":759,"column":7}},{"start":{},"end":{}}]},"23":{"loc":{"start":{"line":757,"column":10},"end":{"line":757,"column":36}},"type":"binary-expr","locations":[{"start":{"line":757,"column":10},"end":{"line":757,"column":17}},{"start":{"line":757,"column":21},"end":{"line":757,"column":36}}]},"24":{"loc":{"start":{"line":767,"column":6},"end":{"line":769,"column":7}},"type":"if","locations":[{"start":{"line":767,"column":6},"end":{"line":769,"column":7}},{"start":{},"end":{}}]},"25":{"loc":{"start":{"line":767,"column":10},"end":{"line":767,"column":36}},"type":"binary-expr","locations":[{"start":{"line":767,"column":10},"end":{"line":767,"column":17}},{"start":{"line":767,"column":21},"end":{"line":767,"column":36}}]}},"s":{"0":1,"1":1,"2":1,"3":1,"4":1,"5":1,"6":1,"7":1,"8":1,"9":1,"10":1,"11":1,"12":1,"13":1,"14":70,"15":70,"16":70,"17":70,"18":70,"19":70,"20":26,"21":26,"22":26,"23":26,"24":26,"25":26,"26":25,"27":24,"28":67,"29":24,"30":24,"31":47,"32":47,"33":47,"34":46,"35":46,"36":46,"37":46,"38":46,"39":46,"40":46,"41":46,"42":46,"43":46,"44":46,"45":46,"46":46,"47":0,"48":46,"49":46,"50":46,"51":46,"52":46,"53":46,"54":46,"55":46,"56":46,"57":46,"58":46,"59":46,"60":46,"61":46,"62":46,"63":46,"64":46,"65":46,"66":46,"67":46,"68":46,"69":46,"70":46,"71":46,"72":46,"73":46,"74":138,"75":138,"76":138,"77":0,"78":0,"79":0,"80":138,"81":138,"82":2,"83":2,"84":0,"85":0,"86":0,"87":2,"88":2,"89":2,"90":2,"91":2,"92":0,"93":0,"94":0,"95":0,"96":0,"97":0,"98":0,"99":2,"100":2,"101":2,"102":2,"103":0,"104":2,"105":2,"106":2,"107":1,"108":1,"109":2,"110":0,"111":0,"112":1,"113":0,"114":0,"115":0,"116":0,"117":1,"118":1,"119":1,"120":1,"121":1,"122":3,"123":3,"124":0,"125":0,"126":0,"127":0,"128":0,"129":0,"130":0,"131":0,"132":0,"133":0,"134":0,"135":0,"136":0,"137":0,"138":5,"139":5,"140":0,"141":0,"142":0,"143":0,"144":0,"145":0,"146":0,"147":0,"148":0,"149":0,"150":0,"151":0,"152":0,"153":0,"154":0,"155":0,"156":0,"157":0,"158":0,"159":0,"160":0,"161":0,"162":0,"163":0,"164":0,"165":0,"166":0,"167":0,"168":46,"169":46,"170":46,"171":1,"172":1,"173":0,"174":1,"175":1,"176":1,"177":0,"178":0,"179":0,"180":0,"181":1,"182":1,"183":0,"184":0,"185":1,"186":1,"187":1,"188":1,"189":1,"190":1,"191":1,"192":1,"193":1,"194":1,"195":1,"196":0,"197":1,"198":1,"199":1,"200":1,"201":1,"202":1,"203":1,"204":1,"205":1,"206":1,"207":1,"208":46,"209":46,"210":46,"211":46,"212":0,"213":0,"214":0,"215":0,"216":0,"217":0,"218":46,"219":46,"220":46,"221":0,"222":0,"223":0,"224":0,"225":0,"226":0,"227":0,"228":0,"229":0,"230":0,"231":0,"232":0,"233":1},"f":{"0":70,"1":26,"2":67,"3":47,"4":0,"5":46,"6":46,"7":138,"8":0,"9":0,"10":0,"11":2,"12":0,"13":0,"14":2,"15":2,"16":1,"17":0,"18":0,"19":1,"20":3,"21":3,"22":0,"23":0,"24":0,"25":0,"26":5,"27":0,"28":0,"29":0,"30":1,"31":0,"32":0,"33":0,"34":0,"35":46,"36":1,"37":1,"38":0,"39":0,"40":1,"41":46,"42":0,"43":0,"44":0,"45":0,"46":0,"47":0,"48":0,"49":0},"b":{"0":[0,2],"1":[2,2],"2":[0,2],"3":[2,0],"4":[2,0],"5":[0,2],"6":[0,1],"7":[3,3],"8":[0,0],"9":[5,1],"10":[0,0],"11":[0,0],"12":[0],"13":[0,0],"14":[0,0],"15":[0,0],"16":[0,0],"17":[0,1],"18":[1,1],"19":[0,0],"20":[0,0],"21":[0,1],"22":[0,0],"23":[0,0],"24":[0,0],"25":[0,0]}}
}
