TN:
SF:src\UI\HUD.ts
FN:12,(anonymous_0)
FN:23,(anonymous_1)
FN:34,(anonymous_2)
FN:47,(anonymous_3)
FN:57,(anonymous_4)
FN:63,(anonymous_5)
FN:68,(anonymous_6)
FN:77,(anonymous_7)
FNF:8
FNH:8
FNDA:143,(anonymous_0)
FNDA:143,(anonymous_1)
FNDA:104,(anonymous_2)
FNDA:118,(anonymous_3)
FNDA:52,(anonymous_4)
FNDA:1,(anonymous_5)
FNDA:1,(anonymous_6)
FNDA:170,(anonymous_7)
DA:5,2
DA:13,143
DA:14,143
DA:15,143
DA:17,143
DA:18,139
DA:19,118
DA:24,143
DA:25,141
DA:27,141
DA:34,139
DA:35,104
DA:36,104
DA:38,104
DA:39,51
DA:40,53
DA:41,11
DA:42,11
DA:48,118
DA:50,118
DA:58,52
DA:59,52
DA:60,52
DA:64,1
DA:65,1
DA:69,1
DA:70,1
DA:74,118
DA:78,170
DA:80,170
DA:81,28
DA:82,28
DA:84,141
DA:85,141
LF:34
LH:34
BRDA:18,0,0,118
BRDA:18,0,1,21
BRDA:38,1,0,51
BRDA:38,1,1,53
BRDA:40,2,0,11
BRDA:40,2,1,42
BRDA:48,3,0,0
BRDA:48,3,1,118
BRDA:58,4,0,52
BRDA:58,4,1,0
BRDA:64,5,0,1
BRDA:64,5,1,0
BRDA:69,6,0,1
BRDA:69,6,1,0
BRDA:78,7,0,0
BRDA:78,7,1,170
BRDA:78,8,0,170
BRDA:78,8,1,170
BRDA:80,9,0,28
BRDA:80,9,1,141
BRF:20
BRH:15
end_of_record
TN:
SF:src\ecs\ComponentManager.ts
FN:5,(anonymous_0)
FN:7,(anonymous_1)
FN:14,(anonymous_2)
FN:21,(anonymous_3)
FN:29,(anonymous_4)
FN:34,(anonymous_5)
FN:39,(anonymous_6)
FN:44,(anonymous_7)
FNF:8
FNH:8
FNDA:32,(anonymous_0)
FNDA:36,(anonymous_1)
FNDA:1139,(anonymous_2)
FNDA:107,(anonymous_3)
FNDA:26,(anonymous_4)
FNDA:206,(anonymous_5)
FNDA:8,(anonymous_6)
FNDA:3,(anonymous_7)
DA:1,3
DA:3,32
DA:8,36
DA:9,32
DA:11,36
DA:15,1139
DA:16,34
DA:18,1139
DA:22,107
DA:23,107
DA:24,106
DA:26,1
DA:30,26
DA:31,26
DA:35,206
DA:36,206
DA:40,8
DA:41,8
DA:45,3
DA:46,4
LF:20
LH:20
BRDA:8,0,0,32
BRDA:8,0,1,4
BRDA:15,1,0,34
BRDA:15,1,1,1105
BRDA:23,2,0,106
BRDA:23,2,1,1
BRDA:31,3,0,25
BRDA:31,3,1,1
BRDA:36,4,0,205
BRDA:36,4,1,1
BRDA:41,5,0,6
BRDA:41,5,1,2
BRF:12
BRH:12
end_of_record
TN:
SF:src\ecs\DataManager.ts
FN:8,(anonymous_0)
FN:12,(anonymous_1)
FN:19,(anonymous_2)
FN:67,(anonymous_3)
FN:71,(anonymous_4)
FN:75,(anonymous_5)
FN:76,(anonymous_6)
FN:79,(anonymous_7)
FN:80,(anonymous_8)
FNF:9
FNH:9
FNDA:2,(anonymous_0)
FNDA:23,(anonymous_1)
FNDA:2,(anonymous_2)
FNDA:9,(anonymous_3)
FNDA:6,(anonymous_4)
FNDA:13,(anonymous_5)
FNDA:31,(anonymous_6)
FNDA:6,(anonymous_7)
FNDA:16,(anonymous_8)
DA:3,4
DA:5,2
DA:6,2
DA:9,2
DA:13,23
DA:14,2
DA:16,23
DA:20,2
DA:41,2
DA:68,9
DA:72,6
DA:76,31
DA:80,16
LF:13
LH:13
BRDA:13,0,0,2
BRDA:13,0,1,21
BRF:2
BRH:2
end_of_record
TN:
SF:src\ecs\EntityManager.ts
FN:11,(anonymous_0)
FN:13,(anonymous_1)
FN:20,(anonymous_2)
FN:30,(anonymous_3)
FN:34,(anonymous_4)
FN:38,(anonymous_5)
FN:42,(anonymous_6)
FN:46,(anonymous_7)
FN:49,(anonymous_8)
FN:61,(anonymous_9)
FNF:10
FNH:10
FNDA:39,(anonymous_0)
FNDA:45,(anonymous_1)
FNDA:1135,(anonymous_2)
FNDA:17,(anonymous_3)
FNDA:106,(anonymous_4)
FNDA:20,(anonymous_5)
FNDA:6,(anonymous_6)
FNDA:208,(anonymous_7)
FNDA:8,(anonymous_8)
FNDA:11,(anonymous_9)
DA:6,4
DA:8,39
DA:9,39
DA:14,45
DA:15,39
DA:17,45
DA:21,1135
DA:22,1135
DA:26,1135
DA:27,1135
DA:31,17
DA:35,106
DA:39,20
DA:43,6
DA:47,208
DA:50,8
DA:52,8
DA:53,13
DA:54,5
DA:58,8
DA:62,11
DA:63,11
DA:64,9
DA:66,2
LF:24
LH:24
BRDA:14,0,0,39
BRDA:14,0,1,6
BRDA:53,1,0,5
BRDA:53,1,1,8
BRDA:63,2,0,9
BRDA:63,2,1,2
BRDA:63,3,0,11
BRDA:63,3,1,10
BRF:8
BRH:8
end_of_record
TN:
SF:src\ecs\GameManager.ts
FN:13,(anonymous_0)
FN:20,(anonymous_1)
FN:27,(anonymous_2)
FNF:3
FNH:3
FNDA:34,(anonymous_0)
FNDA:1142,(anonymous_1)
FNDA:1116,(anonymous_2)
DA:1,2
DA:2,2
DA:3,2
DA:4,2
DA:6,2
DA:14,34
DA:15,33
DA:16,33
DA:17,33
DA:21,1142
DA:22,34
DA:24,1141
DA:28,1116
LF:13
LH:13
BRDA:21,0,0,34
BRDA:21,0,1,1108
BRF:2
BRH:2
end_of_record
TN:
SF:src\ecs\SystemManager.ts
FN:9,(anonymous_0)
FN:11,(anonymous_1)
FN:18,(anonymous_2)
FN:22,(anonymous_3)
FN:26,(anonymous_4)
FN:30,(anonymous_5)
FN:36,(anonymous_6)
FNF:7
FNH:7
FNDA:35,(anonymous_0)
FNDA:39,(anonymous_1)
FNDA:191,(anonymous_2)
FNDA:56,(anonymous_3)
FNDA:120,(anonymous_4)
FNDA:1015,(anonymous_5)
FNDA:5,(anonymous_6)
DA:1,26
DA:5,26
DA:7,35
DA:12,39
DA:13,35
DA:15,39
DA:19,191
DA:23,56
DA:27,120
DA:31,1015
DA:32,119
DA:37,5
LF:12
LH:12
BRDA:12,0,0,35
BRDA:12,0,1,4
BRF:2
BRH:2
end_of_record
TN:
SF:src\ecs\entities\Customer.ts
FN:8,createCustomer
FNF:1
FNH:1
FNDA:2135,createCustomer
DA:6,1
DA:8,1
DA:9,2135
DA:10,2135
DA:15,2135
DA:20,2135
DA:28,2133
DA:33,2133
DA:37,2133
LF:9
LH:9
BRF:0
BRH:0
end_of_record
TN:
SF:src\ecs\systems\AnimationSystem.ts
FN:6,(anonymous_0)
FN:11,(anonymous_1)
FN:15,(anonymous_2)
FN:26,(anonymous_3)
FN:37,(anonymous_4)
FN:47,(anonymous_5)
FNF:6
FNH:6
FNDA:58,(anonymous_0)
FNDA:1007,(anonymous_1)
FNDA:1220,(anonymous_2)
FNDA:116,(anonymous_3)
FNDA:114,(anonymous_4)
FNDA:116,(anonymous_5)
DA:1,1
DA:3,1
DA:7,58
DA:8,58
DA:16,1220
DA:27,116
DA:38,114
DA:39,112
DA:48,116
LF:9
LH:9
BRDA:15,0,0,1212
BRDA:15,1,0,1212
BRDA:26,2,0,107
BRDA:26,3,0,111
BRDA:37,4,0,109
BRDA:47,5,0,111
BRF:6
BRH:6
end_of_record
TN:
SF:src\ecs\systems\AudioSystem.ts
FN:11,(anonymous_0)
FN:16,(anonymous_1)
FN:23,(anonymous_2)
FN:38,(anonymous_3)
FN:56,(anonymous_4)
FN:65,(anonymous_5)
FN:74,(anonymous_6)
FN:81,(anonymous_7)
FN:88,(anonymous_8)
FN:95,(anonymous_9)
FN:102,(anonymous_10)
FN:110,(anonymous_11)
FN:122,(anonymous_12)
FN:127,(anonymous_13)
FN:140,(anonymous_14)
FN:155,(anonymous_15)
FN:157,(anonymous_16)
FN:167,(anonymous_17)
FN:174,(anonymous_18)
FN:181,(anonymous_19)
FN:188,(anonymous_20)
FN:190,(anonymous_21)
FN:200,(anonymous_22)
FNF:23
FNH:18
FNDA:27,(anonymous_0)
FNDA:2,(anonymous_1)
FNDA:4,(anonymous_2)
FNDA:21,(anonymous_3)
FNDA:2,(anonymous_4)
FNDA:6,(anonymous_5)
FNDA:3,(anonymous_6)
FNDA:1,(anonymous_7)
FNDA:1,(anonymous_8)
FNDA:1,(anonymous_9)
FNDA:1,(anonymous_10)
FNDA:7,(anonymous_11)
FNDA:7,(anonymous_12)
FNDA:20,(anonymous_13)
FNDA:0,(anonymous_14)
FNDA:2,(anonymous_15)
FNDA:0,(anonymous_16)
FNDA:2,(anonymous_17)
FNDA:3,(anonymous_18)
FNDA:4,(anonymous_19)
FNDA:0,(anonymous_20)
FNDA:0,(anonymous_21)
FNDA:0,(anonymous_22)
DA:1,1
DA:3,1
DA:5,27
DA:7,27
DA:8,27
DA:9,27
DA:12,27
DA:13,27
DA:25,4
DA:28,3
DA:29,3
DA:30,3
DA:31,3
DA:32,3
DA:40,21
DA:46,19
DA:47,19
DA:48,19
DA:49,19
DA:50,19
DA:57,2
DA:58,2
DA:66,6
DA:67,0
DA:75,3
DA:82,1
DA:89,1
DA:96,1
DA:103,1
DA:104,1
DA:111,7
DA:113,7
DA:114,7
DA:115,5
DA:123,7
DA:125,7
DA:126,5
DA:127,5
DA:128,20
DA:129,0
DA:133,2
DA:141,0
DA:142,0
DA:143,0
DA:146,0
DA:147,0
DA:148,0
DA:156,2
DA:157,2
DA:158,0
DA:159,0
DA:168,2
DA:175,3
DA:182,4
DA:189,0
DA:190,0
DA:191,0
DA:192,0
DA:201,0
DA:202,0
DA:203,0
LF:61
LH:44
BRDA:57,0,0,2
BRDA:57,0,1,0
BRDA:57,1,0,2
BRDA:57,1,1,2
BRDA:57,1,2,2
BRDA:66,2,0,0
BRDA:66,2,1,6
BRDA:66,3,0,6
BRDA:66,3,1,5
BRDA:111,4,0,0
BRDA:111,4,1,7
BRDA:114,5,0,5
BRDA:114,5,1,2
BRDA:125,6,0,5
BRDA:125,6,1,2
BRDA:128,7,0,0
BRDA:128,7,1,20
BRDA:142,8,0,0
BRDA:142,8,1,0
BRDA:147,9,0,0
BRDA:147,9,1,0
BRDA:158,10,0,0
BRDA:158,10,1,0
BRDA:191,11,0,0
BRDA:191,11,1,0
BRF:25
BRH:13
end_of_record
TN:
SF:src\ecs\systems\CustomerSpawnSystem.ts
FN:70,(anonymous_0)
FN:77,(anonymous_1)
FN:92,(anonymous_2)
FN:105,(anonymous_3)
FN:142,(anonymous_4)
FN:147,(anonymous_5)
FN:154,(anonymous_6)
FN:161,(anonymous_7)
FNF:8
FNH:5
FNDA:49,(anonymous_0)
FNDA:2,(anonymous_1)
FNDA:1,(anonymous_2)
FNDA:1,(anonymous_3)
FNDA:2,(anonymous_4)
FNDA:0,(anonymous_5)
FNDA:0,(anonymous_6)
FNDA:0,(anonymous_7)
DA:4,2
DA:6,2
DA:7,49
DA:8,49
DA:11,49
DA:41,49
DA:63,49
DA:71,49
DA:72,49
DA:74,49
DA:78,2
DA:79,2
DA:82,2
DA:83,0
DA:86,2
DA:87,1
DA:88,1
DA:93,1
DA:94,1
DA:97,1
DA:98,1
DA:100,1
DA:101,1
DA:106,1
DA:108,1
DA:143,2
DA:144,2
DA:148,0
DA:149,0
DA:151,0
DA:155,0
DA:156,0
DA:158,0
DA:162,0
LF:34
LH:26
BRDA:82,0,0,0
BRDA:82,0,1,2
BRDA:86,1,0,1
BRDA:86,1,1,1
BRDA:97,2,0,1
BRDA:97,2,1,0
BRDA:142,3,0,0
BRDA:143,4,0,0
BRDA:143,4,1,2
BRDA:149,5,0,0
BRDA:149,5,1,0
BRDA:151,6,0,0
BRDA:151,6,1,0
BRDA:156,7,0,0
BRDA:156,7,1,0
BRDA:158,8,0,0
BRDA:158,8,1,0
BRF:17
BRH:5
end_of_record
TN:
SF:src\ecs\systems\DebugSystem.ts
FN:9,(anonymous_0)
FN:16,(anonymous_1)
FN:25,(anonymous_2)
FN:38,(anonymous_3)
FN:40,(anonymous_4)
FNF:5
FNH:5
FNDA:82,(anonymous_0)
FNDA:242,(anonymous_1)
FNDA:177,(anonymous_2)
FNDA:111,(anonymous_3)
FNDA:1012,(anonymous_4)
DA:1,2
DA:5,2
DA:6,82
DA:7,82
DA:10,82
DA:11,82
DA:13,82
DA:17,242
DA:19,242
DA:20,177
DA:21,177
DA:26,177
DA:29,176
DA:30,175
DA:31,175
DA:34,173
DA:35,172
DA:38,172
DA:39,111
DA:40,111
DA:41,1012
DA:45,172
LF:22
LH:22
BRDA:19,0,0,177
BRDA:19,0,1,65
BRF:2
BRH:2
end_of_record
TN:
SF:src\ecs\systems\DragSystem.ts
FN:11,(anonymous_0)
FN:18,(anonymous_1)
FN:25,(anonymous_2)
FN:43,(anonymous_3)
FN:59,(anonymous_4)
FN:77,(anonymous_5)
FN:94,(anonymous_6)
FN:117,(anonymous_7)
FN:122,(anonymous_8)
FN:142,(anonymous_9)
FNF:10
FNH:7
FNDA:38,(anonymous_0)
FNDA:38,(anonymous_1)
FNDA:17,(anonymous_2)
FNDA:0,(anonymous_3)
FNDA:1010,(anonymous_4)
FNDA:9,(anonymous_5)
FNDA:1,(anonymous_6)
FNDA:1008,(anonymous_7)
FNDA:0,(anonymous_8)
FNDA:0,(anonymous_9)
DA:1,2
DA:5,2
DA:8,38
DA:9,38
DA:12,38
DA:13,38
DA:14,38
DA:15,38
DA:20,38
DA:21,37
DA:22,37
DA:27,17
DA:29,16
DA:30,1014
DA:31,1013
DA:33,0
DA:35,0
DA:36,0
DA:37,0
DA:38,0
DA:44,0
DA:45,0
DA:47,0
DA:48,0
DA:49,0
DA:51,0
DA:52,0
DA:53,0
DA:56,0
DA:60,1010
DA:62,2
DA:63,2
DA:65,0
DA:66,0
DA:67,0
DA:69,0
DA:71,0
DA:72,0
DA:73,0
DA:78,9
DA:80,2
DA:81,2
DA:84,1
DA:91,1
DA:95,1
DA:96,1
DA:97,1
DA:98,1
DA:101,1
DA:102,1
DA:103,1
DA:106,1
DA:107,1
DA:108,0
DA:113,1
DA:114,1
DA:123,0
DA:124,0
DA:125,0
DA:128,0
DA:129,0
DA:130,0
DA:134,0
DA:137,0
DA:143,0
DA:144,0
DA:145,0
DA:146,0
DA:147,0
DA:150,0
DA:151,0
DA:152,0
LF:72
LH:34
BRDA:31,0,0,1013
BRDA:31,0,1,0
BRDA:31,1,0,1013
BRDA:31,1,1,1009
BRDA:36,2,0,0
BRDA:36,2,1,0
BRDA:45,3,0,0
BRDA:45,3,1,0
BRDA:60,4,0,1008
BRDA:60,4,1,2
BRDA:60,5,0,1010
BRDA:60,5,1,3
BRDA:63,6,0,2
BRDA:63,6,1,0
BRDA:63,7,0,2
BRDA:63,7,1,1
BRDA:72,8,0,0
BRDA:72,8,1,0
BRDA:78,9,0,7
BRDA:78,9,1,2
BRDA:78,10,0,9
BRDA:78,10,1,3
BRDA:81,11,0,1
BRDA:81,11,1,1
BRDA:95,12,0,1
BRDA:95,12,1,0
BRDA:97,13,0,1
BRDA:97,13,1,0
BRDA:107,14,0,0
BRDA:107,14,1,1
BRDA:124,15,0,0
BRDA:124,15,1,0
BRDA:124,16,0,0
BRDA:124,16,1,0
BRDA:129,17,0,0
BRDA:129,17,1,0
BRDA:144,18,0,0
BRDA:144,18,1,0
BRDA:144,19,0,0
BRDA:144,19,1,0
BRDA:151,20,0,0
BRDA:151,20,1,0
BRF:42
BRH:19
end_of_record
TN:
SF:src\ecs\systems\EconomySystem.ts
FN:10,(anonymous_0)
FN:15,(anonymous_1)
FN:19,(anonymous_2)
FN:23,(anonymous_3)
FN:38,(anonymous_4)
FN:53,(anonymous_5)
FN:56,(anonymous_6)
FN:63,(anonymous_7)
FN:68,(anonymous_8)
FN:73,(anonymous_9)
FNF:10
FNH:10
FNDA:24,(anonymous_0)
FNDA:103,(anonymous_1)
FNDA:14,(anonymous_2)
FNDA:15,(anonymous_3)
FNDA:10,(anonymous_4)
FNDA:4,(anonymous_5)
FNDA:3,(anonymous_6)
FNDA:3,(anonymous_7)
FNDA:4,(anonymous_8)
FNDA:2,(anonymous_9)
DA:1,3
DA:3,3
DA:5,24
DA:6,24
DA:7,24
DA:8,24
DA:11,24
DA:12,24
DA:20,14
DA:24,15
DA:25,15
DA:28,15
DA:29,1
DA:33,15
DA:34,2
DA:39,10
DA:40,7
DA:41,7
DA:44,7
DA:45,1
DA:48,7
DA:50,3
DA:54,4
DA:59,3
DA:64,3
DA:69,4
DA:74,2
LF:27
LH:27
BRDA:23,0,0,0
BRDA:28,1,0,1
BRDA:28,1,1,14
BRDA:33,2,0,2
BRDA:33,2,1,13
BRDA:33,3,0,15
BRDA:33,3,1,12
BRDA:38,4,0,0
BRDA:39,5,0,7
BRDA:39,5,1,3
BRDA:44,6,0,1
BRDA:44,6,1,6
BRF:12
BRH:10
end_of_record
TN:
SF:src\ecs\systems\ExpiredEntitySystem.ts
FN:8,(anonymous_0)
FN:13,(anonymous_1)
FN:17,(anonymous_2)
FN:28,(anonymous_3)
FNF:4
FNH:4
FNDA:40,(anonymous_0)
FNDA:14,(anonymous_1)
FNDA:1134,(anonymous_2)
FNDA:2,(anonymous_3)
DA:1,2
DA:5,2
DA:6,40
DA:8,40
DA:9,40
DA:14,14
DA:18,1134
DA:20,1133
DA:21,2239
DA:22,2238
DA:24,2236
DA:26,2236
DA:27,221
DA:28,6
DA:29,2
DA:32,215
LF:16
LH:16
BRDA:22,0,0,2
BRDA:22,0,1,2236
BRDA:26,1,0,221
BRDA:26,1,1,2015
BRDA:27,2,0,6
BRDA:27,2,1,215
BRDA:27,3,0,221
BRDA:27,3,1,8
BRF:8
BRH:8
end_of_record
TN:
SF:src\ecs\systems\GameStateSystem.ts
FN:3,(anonymous_0)
FN:14,(anonymous_1)
FN:18,(anonymous_2)
FN:21,(anonymous_3)
FN:25,(anonymous_4)
FN:30,(anonymous_5)
FN:34,(anonymous_6)
FN:38,(anonymous_7)
FNF:8
FNH:8
FNDA:1,(anonymous_0)
FNDA:35,(anonymous_1)
FNDA:11112,(anonymous_2)
FNDA:1143,(anonymous_3)
FNDA:12059,(anonymous_4)
FNDA:1015,(anonymous_5)
FNDA:11056,(anonymous_6)
FNDA:11064,(anonymous_7)
DA:1,1
DA:3,1
DA:4,1
DA:5,1
DA:6,1
DA:7,1
DA:10,1
DA:11,35
DA:12,35
DA:15,35
DA:22,1143
DA:26,12059
DA:27,12059
DA:31,1015
DA:35,11056
DA:39,11064
LF:16
LH:16
BRDA:3,0,0,1
BRDA:3,0,1,1
BRF:2
BRH:2
end_of_record
TN:
SF:src\ecs\systems\InputSystem.ts
FN:10,(anonymous_0)
FN:18,(anonymous_1)
FN:22,(anonymous_2)
FN:24,(anonymous_3)
FN:30,(anonymous_4)
FN:32,(anonymous_5)
FN:44,(anonymous_6)
FNF:7
FNH:7
FNDA:48,(anonymous_0)
FNDA:1107,(anonymous_1)
FNDA:1121,(anonymous_2)
FNDA:1013,(anonymous_3)
FNDA:18,(anonymous_4)
FNDA:16,(anonymous_5)
FNDA:15,(anonymous_6)
DA:1,1
DA:4,1
DA:11,48
DA:12,48
DA:13,48
DA:14,48
DA:15,48
DA:23,1121
DA:25,1013
DA:26,1010
DA:31,18
DA:33,16
DA:34,12
DA:35,12
DA:36,11
DA:37,11
DA:39,3
DA:45,15
LF:18
LH:18
BRDA:33,0,0,12
BRDA:33,0,1,3
BRF:2
BRH:2
end_of_record
TN:
SF:src\ecs\systems\InventorySystem.ts
FN:8,(anonymous_0)
FN:14,(anonymous_1)
FN:17,(anonymous_2)
FN:25,(anonymous_3)
FN:32,(anonymous_4)
FN:36,(anonymous_5)
FN:40,(anonymous_6)
FN:44,(anonymous_7)
FN:48,(anonymous_8)
FN:52,(anonymous_9)
FNF:10
FNH:10
FNDA:29,(anonymous_0)
FNDA:103,(anonymous_1)
FNDA:6,(anonymous_2)
FNDA:2,(anonymous_3)
FNDA:5,(anonymous_4)
FNDA:1,(anonymous_5)
FNDA:3,(anonymous_6)
FNDA:30,(anonymous_7)
FNDA:31,(anonymous_8)
FNDA:12,(anonymous_9)
DA:1,3
DA:4,3
DA:9,29
DA:10,29
DA:11,29
DA:18,6
DA:19,0
DA:21,6
DA:26,2
DA:27,2
DA:28,1
DA:29,1
DA:33,5
DA:37,1
DA:41,3
DA:45,30
DA:49,31
DA:53,12
DA:54,12
DA:55,9
DA:56,9
DA:58,3
LF:22
LH:21
BRDA:17,0,0,0
BRDA:18,1,0,0
BRDA:18,1,1,6
BRDA:25,2,0,0
BRDA:26,3,0,2
BRDA:26,3,1,0
BRDA:27,4,0,1
BRDA:27,4,1,1
BRDA:33,5,0,5
BRDA:33,5,1,1
BRDA:44,6,0,0
BRDA:45,7,0,30
BRDA:45,7,1,29
BRDA:49,8,0,31
BRDA:49,8,1,11
BRDA:53,9,0,12
BRDA:53,9,1,2
BRDA:54,10,0,9
BRDA:54,10,1,3
BRF:19
BRH:14
end_of_record
TN:
SF:src\ecs\systems\OrderSystem.ts
FN:12,(anonymous_0)
FN:22,(anonymous_1)
FN:52,(anonymous_2)
FNF:3
FNH:3
FNDA:86,(anonymous_0)
FNDA:215,(anonymous_1)
FNDA:2114,(anonymous_2)
DA:7,2
DA:17,86
DA:18,86
DA:19,86
DA:23,215
DA:25,215
DA:26,1
DA:29,214
DA:30,214
DA:32,214
DA:33,1
DA:36,213
DA:38,213
DA:39,212
DA:40,210
DA:41,210
DA:42,210
DA:43,210
DA:45,2
DA:48,1
LF:20
LH:20
BRDA:25,0,0,1
BRDA:25,0,1,214
BRDA:32,1,0,1
BRDA:32,1,1,213
BRDA:38,2,0,212
BRDA:38,2,1,1
BRDA:39,3,0,210
BRDA:39,3,1,2
BRF:8
BRH:8
end_of_record
TN:
SF:src\ecs\systems\PhysicsSystem.ts
FN:10,(anonymous_0)
FN:16,(anonymous_1)
FN:23,(anonymous_2)
FN:36,(anonymous_3)
FN:50,(anonymous_4)
FN:58,(anonymous_5)
FN:86,(anonymous_6)
FN:104,(anonymous_7)
FN:113,(anonymous_8)
FN:125,(anonymous_9)
FN:130,(anonymous_10)
FN:136,(anonymous_11)
FN:141,(anonymous_12)
FN:152,(anonymous_13)
FN:164,(anonymous_14)
FN:170,(anonymous_15)
FN:174,(anonymous_16)
FNF:17
FNH:14
FNDA:40,(anonymous_0)
FNDA:14,(anonymous_1)
FNDA:18,(anonymous_2)
FNDA:15,(anonymous_3)
FNDA:1,(anonymous_4)
FNDA:0,(anonymous_5)
FNDA:3,(anonymous_6)
FNDA:0,(anonymous_7)
FNDA:3,(anonymous_8)
FNDA:0,(anonymous_9)
FNDA:10,(anonymous_10)
FNDA:5,(anonymous_11)
FNDA:4,(anonymous_12)
FNDA:7,(anonymous_13)
FNDA:1,(anonymous_14)
FNDA:7,(anonymous_15)
FNDA:6,(anonymous_16)
DA:1,2
DA:4,2
DA:6,40
DA:7,40
DA:8,40
DA:11,40
DA:12,40
DA:17,14
DA:18,14
DA:19,14
DA:24,18
DA:25,15
DA:28,15
DA:29,15
DA:32,15
DA:44,15
DA:52,1
DA:60,0
DA:61,0
DA:68,15
DA:76,15
DA:88,3
DA:89,18
DA:92,18
DA:93,18
DA:94,18
DA:95,18
DA:97,18
DA:104,0
DA:109,3
DA:114,3
DA:117,3
DA:125,0
DA:131,10
DA:132,10
DA:137,5
DA:142,4
DA:153,7
DA:154,7
DA:155,7
DA:157,7
DA:165,1
DA:175,6
LF:43
LH:39
BRDA:152,0,0,2
BRDA:152,1,0,2
BRF:2
BRH:2
end_of_record
TN:
SF:src\ecs\systems\RenderSystem.ts
FN:13,(anonymous_0)
FN:19,(anonymous_1)
FN:24,(anonymous_2)
FN:31,(anonymous_3)
FN:35,(anonymous_4)
FN:41,(anonymous_5)
FN:52,(anonymous_6)
FN:54,(anonymous_7)
FN:59,(anonymous_8)
FN:82,(anonymous_9)
FN:98,(anonymous_10)
FN:110,(anonymous_11)
FN:159,(anonymous_12)
FN:203,(anonymous_13)
FN:204,(anonymous_14)
FN:211,(anonymous_15)
FN:223,(anonymous_16)
FN:227,(anonymous_17)
FN:231,(anonymous_18)
FN:235,(anonymous_19)
FNF:20
FNH:20
FNDA:48,(anonymous_0)
FNDA:18,(anonymous_1)
FNDA:26,(anonymous_2)
FNDA:17,(anonymous_3)
FNDA:26,(anonymous_4)
FNDA:8,(anonymous_5)
FNDA:20,(anonymous_6)
FNDA:7,(anonymous_7)
FNDA:6,(anonymous_8)
FNDA:5,(anonymous_9)
FNDA:3,(anonymous_10)
FNDA:22,(anonymous_11)
FNDA:19,(anonymous_12)
FNDA:3,(anonymous_13)
FNDA:2,(anonymous_14)
FNDA:1,(anonymous_15)
FNDA:1,(anonymous_16)
FNDA:1,(anonymous_17)
FNDA:1,(anonymous_18)
FNDA:1,(anonymous_19)
DA:1,2
DA:5,2
DA:8,48
DA:9,48
DA:10,48
DA:11,48
DA:14,48
DA:15,48
DA:16,48
DA:20,18
DA:22,17
DA:24,17
DA:25,26
DA:26,22
DA:32,17
DA:33,17
DA:35,17
DA:36,26
DA:37,23
DA:41,17
DA:42,8
DA:43,2
DA:44,2
DA:45,2
DA:49,17
DA:53,20
DA:54,7
DA:57,20
DA:59,20
DA:60,6
DA:61,6
DA:62,6
DA:64,6
DA:65,2
DA:66,2
DA:67,2
DA:68,2
DA:70,2
DA:83,5
DA:85,5
DA:86,1
DA:87,1
DA:90,4
DA:92,4
DA:99,3
DA:100,3
DA:101,3
DA:102,3
DA:104,3
DA:105,3
DA:111,22
DA:112,22
DA:113,22
DA:115,22
DA:117,19
DA:118,19
DA:119,14
DA:120,14
DA:123,19
DA:124,19
DA:126,19
DA:127,19
DA:128,14
DA:130,14
DA:147,14
DA:155,14
DA:160,19
DA:161,4
DA:162,4
DA:165,19
DA:171,19
DA:176,19
DA:178,19
DA:195,18
DA:197,18
DA:204,3
DA:205,2
DA:212,1
DA:213,1
DA:214,1
DA:224,1
DA:228,1
DA:232,1
DA:236,1
LF:84
LH:84
BRDA:25,0,0,22
BRDA:25,0,1,4
BRDA:25,1,0,26
BRDA:25,1,1,23
BRDA:36,2,0,23
BRDA:36,2,1,3
BRDA:42,3,0,2
BRDA:42,3,1,6
BRDA:42,4,0,8
BRDA:42,4,1,3
BRDA:64,5,0,2
BRDA:64,5,1,4
BRDA:64,6,0,6
BRDA:64,6,1,6
BRDA:66,7,0,2
BRDA:66,7,1,0
BRDA:85,8,0,1
BRDA:85,8,1,4
BRDA:115,9,0,3
BRDA:115,9,1,19
BRDA:115,10,0,22
BRDA:115,10,1,21
BRDA:115,10,2,19
BRDA:118,11,0,14
BRDA:118,11,1,5
BRDA:127,12,0,14
BRDA:127,12,1,5
BRDA:128,13,0,14
BRDA:128,13,1,1
BRDA:159,14,0,1
BRDA:160,15,0,4
BRDA:160,15,1,15
BRDA:213,16,0,1
BRDA:213,16,1,0
BRF:34
BRH:32
end_of_record
TN:
SF:src\ecs\systems\SellSystem.ts
FN:23,(anonymous_0)
FN:38,(anonymous_1)
FN:42,(anonymous_2)
FN:46,(anonymous_3)
FN:72,(anonymous_4)
FN:79,(anonymous_5)
FN:95,(anonymous_6)
FN:111,(anonymous_7)
FN:134,(anonymous_8)
FN:177,(anonymous_9)
FN:191,(anonymous_10)
FN:195,(anonymous_11)
FN:211,(anonymous_12)
FN:212,(anonymous_13)
FN:217,(anonymous_14)
FN:224,(anonymous_15)
FN:247,(anonymous_16)
FN:254,(anonymous_17)
FN:266,(anonymous_18)
FN:274,(anonymous_19)
FN:280,(anonymous_20)
FNF:21
FNH:15
FNDA:56,(anonymous_0)
FNDA:56,(anonymous_1)
FNDA:57,(anonymous_2)
FNDA:6,(anonymous_3)
FNDA:17,(anonymous_4)
FNDA:12,(anonymous_5)
FNDA:5,(anonymous_6)
FNDA:4,(anonymous_7)
FNDA:12,(anonymous_8)
FNDA:7,(anonymous_9)
FNDA:1,(anonymous_10)
FNDA:4,(anonymous_11)
FNDA:0,(anonymous_12)
FNDA:0,(anonymous_13)
FNDA:0,(anonymous_14)
FNDA:12,(anonymous_15)
FNDA:1,(anonymous_16)
FNDA:0,(anonymous_17)
FNDA:0,(anonymous_18)
FNDA:0,(anonymous_19)
FNDA:6,(anonymous_20)
DA:1,2
DA:8,2
DA:16,56
DA:29,56
DA:30,56
DA:31,56
DA:32,56
DA:33,56
DA:35,56
DA:39,56
DA:43,57
DA:47,6
DA:49,6
DA:50,4
DA:52,4
DA:53,2
DA:55,2
DA:56,2
DA:57,1
DA:59,1
DA:60,1
DA:61,1
DA:66,2
DA:67,1
DA:73,17
DA:80,12
DA:82,12
DA:83,12
DA:84,12
DA:86,11
DA:87,11
DA:88,5
DA:92,7
DA:96,5
DA:98,5
DA:99,3
DA:100,3
DA:102,3
DA:103,3
DA:104,2
DA:108,3
DA:112,4
DA:120,4
DA:121,4
DA:123,4
DA:124,4
DA:127,4
DA:129,4
DA:131,4
DA:135,12
DA:136,1
DA:137,1
DA:138,1
DA:140,1
DA:143,10
DA:144,1
DA:145,1
DA:146,1
DA:148,1
DA:151,9
DA:152,9
DA:154,9
DA:155,9
DA:158,8
DA:160,8
DA:161,8
DA:162,7
DA:163,7
DA:164,7
DA:168,8
DA:169,8
DA:172,8
DA:174,8
DA:178,7
DA:179,7
DA:184,7
DA:191,1
DA:196,4
DA:205,4
DA:212,0
DA:213,0
DA:217,0
DA:225,12
DA:226,12
DA:228,12
DA:236,12
DA:239,12
DA:248,1
DA:254,0
DA:259,12
DA:267,0
DA:274,0
LF:92
LH:86
BRDA:49,0,0,4
BRDA:49,0,1,2
BRDA:52,1,0,2
BRDA:52,1,1,2
BRDA:56,2,0,1
BRDA:56,2,1,1
BRDA:60,3,0,1
BRDA:60,3,1,0
BRDA:66,4,0,1
BRDA:66,4,1,1
BRDA:73,5,0,17
BRDA:73,5,1,13
BRDA:73,5,2,11
BRDA:73,5,3,10
BRDA:84,6,0,1
BRDA:84,6,1,11
BRDA:87,7,0,5
BRDA:87,7,1,6
BRDA:87,8,0,11
BRDA:87,8,1,9
BRDA:87,8,2,6
BRDA:100,9,0,0
BRDA:100,9,1,3
BRDA:103,10,0,2
BRDA:103,10,1,1
BRDA:103,11,0,3
BRDA:103,11,1,3
BRDA:123,12,0,4
BRDA:123,12,1,0
BRDA:135,13,0,1
BRDA:135,13,1,10
BRDA:137,14,0,1
BRDA:137,14,1,0
BRDA:143,15,0,1
BRDA:143,15,1,9
BRDA:145,16,0,1
BRDA:145,16,1,0
BRDA:154,17,0,9
BRDA:154,17,1,0
BRDA:161,18,0,7
BRDA:161,18,1,1
BRDA:163,19,0,7
BRDA:163,19,1,0
BRDA:168,20,0,8
BRDA:168,20,1,0
BRDA:178,21,0,3
BRDA:178,21,1,4
BRF:47
BRH:39
end_of_record
TN:
SF:src\ecs\systems\SynthesisSystem.ts
FN:7,(anonymous_0)
FN:12,(anonymous_1)
FN:15,(anonymous_2)
FN:17,(anonymous_3)
FN:21,(anonymous_4)
FN:26,(anonymous_5)
FNF:6
FNH:6
FNDA:20,(anonymous_0)
FNDA:5,(anonymous_1)
FNDA:1116,(anonymous_2)
FNDA:2123,(anonymous_3)
FNDA:105,(anonymous_4)
FNDA:109,(anonymous_5)
DA:1,1
DA:4,1
DA:8,20
DA:9,20
DA:16,1116
DA:17,2123
DA:22,105
DA:23,1
DA:26,104
DA:27,109
DA:29,104
DA:30,104
LF:12
LH:12
BRDA:22,0,0,1
BRDA:22,0,1,104
BRF:2
BRH:2
end_of_record
TN:
SF:src\ecs\systems\UIEventSystem.ts
FN:10,(anonymous_0)
FN:16,(anonymous_1)
FN:19,(anonymous_2)
FN:23,(anonymous_3)
FN:27,(anonymous_4)
FN:35,(anonymous_5)
FN:36,(anonymous_6)
FN:41,(anonymous_7)
FN:42,(anonymous_8)
FN:47,(anonymous_9)
FN:61,(anonymous_10)
FNF:11
FNH:10
FNDA:11,(anonymous_0)
FNDA:1,(anonymous_1)
FNDA:4,(anonymous_2)
FNDA:2,(anonymous_3)
FNDA:4,(anonymous_4)
FNDA:1,(anonymous_5)
FNDA:2,(anonymous_6)
FNDA:1,(anonymous_7)
FNDA:2,(anonymous_8)
FNDA:2,(anonymous_9)
FNDA:0,(anonymous_10)
DA:1,1
DA:4,1
DA:6,11
DA:7,11
DA:11,11
DA:12,11
DA:13,11
DA:20,4
DA:24,2
DA:28,4
DA:29,4
DA:30,4
DA:31,3
DA:36,1
DA:37,2
DA:42,1
DA:43,2
DA:48,2
DA:49,2
DA:54,2
DA:61,0
LF:21
LH:20
BRDA:30,0,0,3
BRDA:30,0,1,1
BRDA:48,1,0,1
BRDA:48,1,1,1
BRF:4
BRH:4
end_of_record
TN:
SF:src\scenes\ShopScene.ts
FN:31,(anonymous_1)
FN:35,(anonymous_2)
FN:48,(anonymous_3)
FN:57,(anonymous_4)
FN:86,(anonymous_5)
FN:146,(anonymous_6)
FN:170,(anonymous_7)
FN:175,(anonymous_8)
FN:183,(anonymous_9)
FN:184,(anonymous_10)
FN:185,(anonymous_11)
FN:205,(anonymous_12)
FN:237,(anonymous_13)
FN:249,(anonymous_14)
FN:259,(anonymous_15)
FN:263,(anonymous_16)
FN:277,(anonymous_17)
FN:298,(anonymous_18)
FN:300,(anonymous_19)
FN:307,(anonymous_20)
FN:330,(anonymous_21)
FN:332,(anonymous_22)
FN:342,(anonymous_23)
FN:346,(anonymous_24)
FN:374,(anonymous_25)
FN:376,(anonymous_26)
FN:379,(anonymous_27)
FN:389,(anonymous_28)
FN:398,(anonymous_29)
FN:407,(anonymous_30)
FN:430,(anonymous_31)
FN:440,(anonymous_32)
FN:484,(anonymous_33)
FN:485,(anonymous_34)
FN:490,(anonymous_35)
FN:506,(anonymous_36)
FN:530,(anonymous_37)
FN:536,(anonymous_38)
FN:540,(anonymous_39)
FN:547,(anonymous_40)
FN:585,(anonymous_41)
FN:659,(anonymous_42)
FN:708,(anonymous_43)
FN:712,(anonymous_44)
FN:716,(anonymous_45)
FN:753,(anonymous_46)
FN:756,(anonymous_47)
FN:763,(anonymous_48)
FN:766,(anonymous_49)
FN:778,(anonymous_50)
FNF:50
FNH:21
FNDA:70,(anonymous_1)
FNDA:26,(anonymous_2)
FNDA:67,(anonymous_3)
FNDA:47,(anonymous_4)
FNDA:0,(anonymous_5)
FNDA:46,(anonymous_6)
FNDA:46,(anonymous_7)
FNDA:138,(anonymous_8)
FNDA:0,(anonymous_9)
FNDA:0,(anonymous_10)
FNDA:0,(anonymous_11)
FNDA:2,(anonymous_12)
FNDA:0,(anonymous_13)
FNDA:0,(anonymous_14)
FNDA:2,(anonymous_15)
FNDA:2,(anonymous_16)
FNDA:1,(anonymous_17)
FNDA:0,(anonymous_18)
FNDA:0,(anonymous_19)
FNDA:1,(anonymous_20)
FNDA:3,(anonymous_21)
FNDA:3,(anonymous_22)
FNDA:0,(anonymous_23)
FNDA:0,(anonymous_24)
FNDA:0,(anonymous_25)
FNDA:0,(anonymous_26)
FNDA:5,(anonymous_27)
FNDA:0,(anonymous_28)
FNDA:0,(anonymous_29)
FNDA:0,(anonymous_30)
FNDA:1,(anonymous_31)
FNDA:0,(anonymous_32)
FNDA:0,(anonymous_33)
FNDA:0,(anonymous_34)
FNDA:0,(anonymous_35)
FNDA:46,(anonymous_36)
FNDA:1,(anonymous_37)
FNDA:1,(anonymous_38)
FNDA:0,(anonymous_39)
FNDA:0,(anonymous_40)
FNDA:1,(anonymous_41)
FNDA:46,(anonymous_42)
FNDA:0,(anonymous_43)
FNDA:0,(anonymous_44)
FNDA:0,(anonymous_45)
FNDA:0,(anonymous_46)
FNDA:0,(anonymous_47)
FNDA:0,(anonymous_48)
FNDA:0,(anonymous_49)
FNDA:0,(anonymous_50)
DA:1,1
DA:2,1
DA:3,1
DA:4,1
DA:5,1
DA:6,1
DA:9,1
DA:10,1
DA:11,1
DA:12,1
DA:13,1
DA:14,1
DA:15,1
DA:16,1
DA:18,1
DA:20,70
DA:25,70
DA:26,70
DA:28,70
DA:29,70
DA:32,70
DA:37,26
DA:38,26
DA:41,26
DA:42,26
DA:43,26
DA:46,26
DA:47,25
DA:48,24
DA:49,67
DA:53,24
DA:54,24
DA:59,47
DA:60,47
DA:61,47
DA:64,46
DA:65,46
DA:68,46
DA:69,46
DA:72,46
DA:73,46
DA:76,46
DA:77,46
DA:78,46
DA:81,46
DA:82,46
DA:85,46
DA:86,46
DA:89,46
DA:92,46
DA:93,46
DA:96,46
DA:97,46
DA:98,46
DA:99,46
DA:102,46
DA:107,46
DA:110,46
DA:114,46
DA:117,46
DA:121,46
DA:124,46
DA:127,46
DA:133,46
DA:134,46
DA:135,46
DA:136,46
DA:147,46
DA:148,46
DA:151,46
DA:156,46
DA:163,46
DA:172,46
DA:175,46
DA:176,138
DA:177,138
DA:180,138
DA:183,0
DA:184,0
DA:185,0
DA:188,138
DA:194,138
DA:207,2
DA:210,2
DA:211,0
DA:212,0
DA:213,0
DA:217,2
DA:220,2
DA:222,2
DA:229,2
DA:230,2
DA:239,0
DA:240,0
DA:241,0
DA:244,0
DA:249,0
DA:250,0
DA:251,0
DA:261,2
DA:263,2
DA:265,2
DA:266,0
DA:267,2
DA:268,2
DA:269,2
DA:278,1
DA:281,1
DA:282,2
DA:283,0
DA:284,0
DA:289,1
DA:290,0
DA:299,0
DA:300,0
DA:308,1
DA:311,1
DA:314,1
DA:321,1
DA:322,1
DA:331,3
DA:333,3
DA:343,0
DA:346,0
DA:347,0
DA:348,0
DA:349,0
DA:354,0
DA:357,0
DA:360,0
DA:362,0
DA:369,0
DA:370,0
DA:375,0
DA:376,0
DA:380,5
DA:386,5
DA:390,0
DA:392,0
DA:398,0
DA:399,0
DA:401,0
DA:406,0
DA:408,0
DA:409,0
DA:413,0
DA:418,0
DA:422,0
DA:442,0
DA:443,0
DA:444,0
DA:447,0
DA:448,0
DA:449,0
DA:453,0
DA:460,0
DA:465,0
DA:467,0
DA:476,0
DA:478,0
DA:485,0
DA:486,0
DA:491,0
DA:492,0
DA:493,0
DA:508,46
DA:512,46
DA:519,46
DA:532,1
DA:533,1
DA:536,1
DA:537,1
DA:540,1
DA:541,0
DA:542,0
DA:543,0
DA:546,1
DA:547,1
DA:548,0
DA:549,0
DA:553,1
DA:555,1
DA:556,1
DA:558,1
DA:559,1
DA:561,1
DA:562,1
DA:568,1
DA:573,1
DA:582,1
DA:586,1
DA:587,1
DA:589,1
DA:591,1
DA:593,1
DA:602,1
DA:603,1
DA:604,1
DA:613,1
DA:625,1
DA:636,1
DA:649,1
DA:660,46
DA:669,46
DA:681,46
DA:699,46
DA:709,0
DA:710,0
DA:713,0
DA:714,0
DA:717,0
DA:718,0
DA:721,46
DA:733,46
DA:742,46
DA:754,0
DA:756,0
DA:757,0
DA:758,0
DA:764,0
DA:766,0
DA:767,0
DA:768,0
DA:771,0
DA:773,0
DA:775,0
DA:779,0
LF:227
LH:144
BRDA:210,0,0,0
BRDA:210,0,1,2
BRDA:261,1,0,2
BRDA:261,1,1,2
BRDA:265,2,0,0
BRDA:265,2,1,2
BRDA:267,3,0,2
BRDA:267,3,1,0
BRDA:269,4,0,2
BRDA:269,4,1,0
BRDA:282,5,0,0
BRDA:282,5,1,2
BRDA:289,6,0,0
BRDA:289,6,1,1
BRDA:333,7,0,3
BRDA:333,7,1,3
BRDA:348,8,0,0
BRDA:348,8,1,0
BRDA:386,9,0,5
BRDA:386,9,1,1
BRDA:409,10,0,0
BRDA:409,10,1,0
BRDA:409,11,0,0
BRDA:409,11,1,0
BRDA:440,12,0,0
BRDA:443,13,0,0
BRDA:443,13,1,0
BRDA:443,14,0,0
BRDA:443,14,1,0
BRDA:447,15,0,0
BRDA:447,15,1,0
BRDA:492,16,0,0
BRDA:492,16,1,0
BRDA:533,17,0,0
BRDA:533,17,1,1
BRDA:537,18,0,1
BRDA:537,18,1,1
BRDA:542,19,0,0
BRDA:542,19,1,0
BRDA:548,20,0,0
BRDA:548,20,1,0
BRDA:586,21,0,0
BRDA:586,21,1,1
BRDA:757,22,0,0
BRDA:757,22,1,0
BRDA:757,23,0,0
BRDA:757,23,1,0
BRDA:767,24,0,0
BRDA:767,24,1,0
BRDA:767,25,0,0
BRDA:767,25,1,0
BRF:51
BRH:16
end_of_record
